42.0 APEX_CODE,FINEST;APEX_PROFILING,INFO;CALLOUT,INFO;DB,INFO;SYSTEM,DEBUG;VALIDATION,INFO;VISUALFORCE,INFO;WAVE,INFO;WORKFLOW,INFO
Execute Anonymous: Session__c session = [SELECT Id FROM Session__c WHERE NAME='Advanced Apex'];
Execute Anonymous: session.Level__c = 'Intermediate';
Execute Anonymous: update session;
12:09:01.1 (1034613)|USER_INFO|[EXTERNAL]|0051r000007Pnq4|maxxpower992@resourceful-goat-209670.com|Ora standard dell’Europa centrale|GMT+02:00
12:09:01.1 (1057333)|EXECUTION_STARTED
12:09:01.1 (1061461)|CODE_UNIT_STARTED|[EXTERNAL]|execute_anonymous_apex
12:09:01.1 (1196089)|VARIABLE_SCOPE_BEGIN|[1]|session|Session__c|true|false
12:09:01.1 (1311845)|HEAP_ALLOCATE|[72]|Bytes:3
12:09:01.1 (1349380)|HEAP_ALLOCATE|[77]|Bytes:152
12:09:01.1 (1363932)|HEAP_ALLOCATE|[342]|Bytes:408
12:09:01.1 (1377580)|HEAP_ALLOCATE|[355]|Bytes:408
12:09:01.1 (1388309)|HEAP_ALLOCATE|[467]|Bytes:48
12:09:01.1 (1411871)|HEAP_ALLOCATE|[139]|Bytes:6
12:09:01.1 (1427088)|HEAP_ALLOCATE|[EXTERNAL]|Bytes:5
12:09:01.1 (1514436)|STATEMENT_EXECUTE|[1]
12:09:01.1 (1517172)|STATEMENT_EXECUTE|[1]
12:09:01.1 (1520220)|HEAP_ALLOCATE|[1]|Bytes:54
12:09:01.1 (1541330)|HEAP_ALLOCATE|[1]|Bytes:4
12:09:01.1 (1578980)|HEAP_ALLOCATE|[50]|Bytes:5
12:09:01.1 (1598467)|HEAP_ALLOCATE|[56]|Bytes:5
12:09:01.1 (1605503)|HEAP_ALLOCATE|[64]|Bytes:7
12:09:01.1 (1767241)|SOQL_EXECUTE_BEGIN|[1]|Aggregations:0|SELECT Id FROM Session__c WHERE NAME = 'Advanced Apex'
12:09:01.1 (12609709)|SOQL_EXECUTE_END|[1]|Rows:1
12:09:01.1 (12634200)|HEAP_ALLOCATE|[1]|Bytes:8
12:09:01.1 (12649166)|HEAP_ALLOCATE|[1]|Bytes:29
12:09:01.1 (12748294)|HEAP_ALLOCATE|[1]|Bytes:8
12:09:01.1 (12760530)|HEAP_ALLOCATE|[1]|Bytes:36
12:09:01.1 (12805286)|HEAP_ALLOCATE|[1]|Bytes:8
12:09:01.1 (12838221)|VARIABLE_ASSIGNMENT|[1]|session|{"Id":"a031r00000TsmwcAAB"}|0x25384839
12:09:01.1 (12846297)|STATEMENT_EXECUTE|[2]
12:09:01.1 (12849513)|HEAP_ALLOCATE|[2]|Bytes:12
12:09:01.1 (13006385)|HEAP_ALLOCATE|[2]|Bytes:-4
12:09:01.1 (13019842)|VARIABLE_ASSIGNMENT|[2]|this.Level__c|"Intermediate"|0x25384839
12:09:01.1 (13026167)|STATEMENT_EXECUTE|[3]
12:09:01.1 (13054433)|HEAP_ALLOCATE|[3]|Bytes:8
12:09:01.1 (13075038)|DML_BEGIN|[3]|Op:Update|Type:Session__c|Rows:1
12:09:01.1 (13103147)|HEAP_ALLOCATE|[EXTERNAL]|Bytes:8
12:09:01.1 (32111430)|DML_END|[3]
12:09:01.34 (34166719)|CUMULATIVE_LIMIT_USAGE
12:09:01.34 (34166719)|LIMIT_USAGE_FOR_NS|(default)|
  Number of SOQL queries: 1 out of 100
  Number of query rows: 1 out of 50000
  Number of SOSL queries: 0 out of 20
  Number of DML statements: 1 out of 150
  Number of DML rows: 1 out of 10000
  Maximum CPU time: 0 out of 10000
  Maximum heap size: 0 out of 6000000
  Number of callouts: 0 out of 100
  Number of Email Invocations: 0 out of 10
  Number of future calls: 0 out of 50
  Number of queueable jobs added to the queue: 0 out of 50
  Number of Mobile Apex push calls: 0 out of 10

12:09:01.34 (34166719)|CUMULATIVE_LIMIT_USAGE_END

12:09:01.1 (34212998)|CODE_UNIT_FINISHED|execute_anonymous_apex
12:09:01.1 (34991860)|EXECUTION_FINISHED
