30.0 APEX_CODE,FINEST;APEX_PROFILING,INFO;CALLOUT,INFO;DB,INFO;SYSTEM,DEBUG;VALIDATION,INFO;VISUALFORCE,INFO;WAVE,INFO;WORKFLOW,INFO
Execute Anonymous: ApexPages.StandardController sc = new ApexPages.StandardController(new Speaker__c());SpeakerControllerExtension sce = new SpeakerControllerExtension(sc);System.debug(sce.picture);System.debug(sce.errorMessage);
12:54:29.1 (1570764)|USER_INFO|[EXTERNAL]|0051r000007Pnq4|maxxpower992@resourceful-goat-209670.com|Ora standard dell’Europa centrale|GMT+02:00
12:54:29.1 (1623645)|EXECUTION_STARTED
12:54:29.1 (1635725)|CODE_UNIT_STARTED|[EXTERNAL]|execute_anonymous_apex
12:54:29.1 (1841499)|VARIABLE_SCOPE_BEGIN|[1]|sc|ApexPages.StandardController|true|false
12:54:29.1 (12784675)|VARIABLE_SCOPE_BEGIN|[1]|sce|SpeakerControllerExtension|true|false
12:54:29.1 (12995371)|HEAP_ALLOCATE|[72]|Bytes:3
12:54:29.1 (13088088)|HEAP_ALLOCATE|[77]|Bytes:152
12:54:29.1 (13113126)|HEAP_ALLOCATE|[342]|Bytes:408
12:54:29.1 (13138742)|HEAP_ALLOCATE|[355]|Bytes:408
12:54:29.1 (13162410)|HEAP_ALLOCATE|[467]|Bytes:48
12:54:29.1 (13258704)|HEAP_ALLOCATE|[139]|Bytes:6
12:54:29.1 (13291358)|HEAP_ALLOCATE|[EXTERNAL]|Bytes:1
12:54:29.1 (13393679)|STATEMENT_EXECUTE|[1]
12:54:29.1 (13399022)|STATEMENT_EXECUTE|[1]
12:54:29.1 (13528261)|HEAP_ALLOCATE|[1]|Bytes:4
12:54:29.1 (15693865)|VARIABLE_ASSIGNMENT|[1]|sc|"StandardController [{}]"|0x7aa3a556
12:54:29.1 (15719468)|STATEMENT_EXECUTE|[1]
12:54:29.1 (15735470)|HEAP_ALLOCATE|[1]|Bytes:144
12:54:29.1 (15752720)|HEAP_ALLOCATE|[1]|Bytes:13
12:54:29.1 (15848006)|METHOD_ENTRY|[1]|01p1r00000CrmKc|SpeakerControllerExtension.SpeakerControllerExtension()
12:54:29.1 (15862837)|STATEMENT_EXECUTE|[1]
12:54:29.1 (15871527)|STATEMENT_EXECUTE|[1]
12:54:29.1 (15936912)|HEAP_ALLOCATE|[50]|Bytes:5
12:54:29.1 (15978096)|HEAP_ALLOCATE|[56]|Bytes:5
12:54:29.1 (15994865)|HEAP_ALLOCATE|[64]|Bytes:7
12:54:29.1 (16039203)|SYSTEM_MODE_ENTER|false
12:54:29.1 (16062013)|HEAP_ALLOCATE|[1]|Bytes:5
12:54:29.1 (16077053)|SYSTEM_MODE_EXIT|false
12:54:29.1 (16117343)|METHOD_EXIT|[1]|SpeakerControllerExtension
12:54:29.1 (16171262)|HEAP_ALLOCATE|[1]|Bytes:24
12:54:29.1 (16233059)|SYSTEM_MODE_ENTER|false
12:54:29.1 (16256039)|HEAP_ALLOCATE|[1]|Bytes:5
12:54:29.1 (16288536)|CONSTRUCTOR_ENTRY|[1]|01p1r00000CrmKc|<init>(ApexPages.StandardController)
12:54:29.1 (16337523)|VARIABLE_SCOPE_BEGIN|[7]|this|SpeakerControllerExtension|true|false
12:54:29.1 (16452348)|VARIABLE_ASSIGNMENT|[7]|this|{}|0x3c58433a
12:54:29.1 (16468493)|VARIABLE_SCOPE_BEGIN|[7]|stdController|ApexPages.StandardController|true|false
12:54:29.1 (16595486)|VARIABLE_ASSIGNMENT|[7]|stdController|"StandardController [{}]"|0x7aa3a556
12:54:29.1 (16631417)|HEAP_ALLOCATE|[8]|Bytes:5
12:54:29.1 (16642767)|STATEMENT_EXECUTE|[1]
12:54:29.1 (16654050)|HEAP_ALLOCATE|[8]|Bytes:5
12:54:29.1 (16661182)|STATEMENT_EXECUTE|[2]
12:54:29.1 (16665146)|STATEMENT_EXECUTE|[3]
12:54:29.1 (16668554)|STATEMENT_EXECUTE|[4]
12:54:29.1 (16671797)|STATEMENT_EXECUTE|[5]
12:54:29.1 (16675111)|STATEMENT_EXECUTE|[6]
12:54:29.1 (16691126)|HEAP_ALLOCATE|[8]|Bytes:6
12:54:29.1 (16754990)|STATEMENT_EXECUTE|[7]
12:54:29.1 (16759632)|STATEMENT_EXECUTE|[8]
12:54:29.1 (16996955)|HEAP_ALLOCATE|[8]|Bytes:4
12:54:29.1 (17091197)|VARIABLE_ASSIGNMENT|[8]|this.speaker|{}|0x3c58433a
12:54:29.1 (17106611)|STATEMENT_EXECUTE|[9]
12:54:29.1 (17220906)|VARIABLE_ASSIGNMENT|[9]|this.stdController|"StandardController [{}]"|0x3c58433a
12:54:29.1 (17235139)|STATEMENT_EXECUTE|[10]
12:54:29.1 (17487706)|VARIABLE_ASSIGNMENT|[EXTERNAL]|this|{"speaker":"0x734c912c","stdController":"StandardController [{}]"}|0x3c58433a
12:54:29.1 (17517137)|VARIABLE_ASSIGNMENT|[EXTERNAL]|value|0
12:54:29.1 (17531363)|HEAP_ALLOCATE|[2]|Bytes:4
12:54:29.1 (17547789)|VARIABLE_ASSIGNMENT|[2]|this.counter|0|0x3c58433a
12:54:29.1 (17585672)|CONSTRUCTOR_EXIT|[1]|01p1r00000CrmKc|<init>(ApexPages.StandardController)
12:54:29.1 (17603476)|SYSTEM_MODE_EXIT|false
12:54:29.1 (17837041)|VARIABLE_ASSIGNMENT|[1]|sce|{"counter":0,"speaker":"0x734c912c","stdController":"StandardController [{}]"}|0x3c58433a
12:54:29.1 (17866218)|STATEMENT_EXECUTE|[1]
12:54:29.1 (17955795)|SYSTEM_MODE_ENTER|false
12:54:29.1 (17985849)|HEAP_ALLOCATE|[1]|Bytes:5
12:54:29.1 (18186724)|VARIABLE_ASSIGNMENT|[EXTERNAL]|this|{"counter":0,"speaker":"0x734c912c","stdController":"StandardController [{}]"}|0x3c58433a
12:54:29.1 (18227277)|SYSTEM_MODE_EXIT|false
12:54:29.1 (18268317)|USER_DEBUG|[1]|DEBUG|null
12:54:29.1 (18286041)|STATEMENT_EXECUTE|[1]
12:54:29.1 (18332568)|SYSTEM_MODE_ENTER|false
12:54:29.1 (18352518)|HEAP_ALLOCATE|[1]|Bytes:5
12:54:29.1 (18522760)|VARIABLE_ASSIGNMENT|[EXTERNAL]|this|{"counter":0,"speaker":"0x734c912c","stdController":"StandardController [{}]"}|0x3c58433a
12:54:29.1 (18555701)|SYSTEM_MODE_EXIT|false
12:54:29.1 (18577183)|USER_DEBUG|[1]|DEBUG|null
12:54:29.18 (18664426)|CUMULATIVE_LIMIT_USAGE
12:54:29.18 (18664426)|LIMIT_USAGE_FOR_NS|(default)|
  Number of SOQL queries: 0 out of 100
  Number of query rows: 0 out of 50000
  Number of SOSL queries: 0 out of 20
  Number of DML statements: 0 out of 150
  Number of DML rows: 0 out of 10000
  Maximum CPU time: 0 out of 10000
  Maximum heap size: 0 out of 6000000
  Number of callouts: 0 out of 100
  Number of Email Invocations: 0 out of 10
  Number of future calls: 0 out of 50
  Number of queueable jobs added to the queue: 0 out of 50
  Number of Mobile Apex push calls: 0 out of 10

12:54:29.18 (18664426)|CUMULATIVE_LIMIT_USAGE_END

12:54:29.1 (18733299)|CODE_UNIT_FINISHED|execute_anonymous_apex
12:54:29.1 (19789976)|EXECUTION_FINISHED
