36.0 APEX_CODE,FINEST;APEX_PROFILING,INFO;CALLOUT,INFO;DB,INFO;SYSTEM,DEBUG;VALIDATION,INFO;VISUALFORCE,INFO;WAVE,INFO;WORKFLOW,INFO
15:58:41.1 (1520650)|USER_INFO|[EXTERNAL]|0051r000007Pnq4|maxxpower992@resourceful-goat-209670.com|Ora standard dell’Europa centrale|GMT+02:00
15:58:41.1 (1592647)|EXECUTION_STARTED
15:58:41.1 (1598589)|CODE_UNIT_STARTED|[EXTERNAL]|01p1r00000Crmgs|TestRejectDoubleBooking.TestDoubleBooking
15:58:41.1 (1932384)|HEAP_ALLOCATE|[72]|Bytes:3
15:58:41.1 (1991688)|HEAP_ALLOCATE|[77]|Bytes:152
15:58:41.1 (2006576)|HEAP_ALLOCATE|[342]|Bytes:408
15:58:41.1 (2022139)|HEAP_ALLOCATE|[355]|Bytes:408
15:58:41.1 (2034704)|HEAP_ALLOCATE|[467]|Bytes:48
15:58:41.1 (2088827)|HEAP_ALLOCATE|[139]|Bytes:6
15:58:41.1 (2105154)|HEAP_ALLOCATE|[EXTERNAL]|Bytes:63
15:58:41.1 (2139423)|METHOD_ENTRY|[2]|01p1r00000Crmgs|TestRejectDoubleBooking.TestRejectDoubleBooking()
15:58:41.1 (2146256)|STATEMENT_EXECUTE|[2]
15:58:41.1 (2150600)|STATEMENT_EXECUTE|[2]
15:58:41.1 (2165915)|METHOD_EXIT|[2]|TestRejectDoubleBooking
15:58:41.1 (2285711)|HEAP_ALLOCATE|[50]|Bytes:5
15:58:41.1 (2308227)|HEAP_ALLOCATE|[56]|Bytes:5
15:58:41.1 (2316042)|HEAP_ALLOCATE|[64]|Bytes:7
15:58:41.1 (2357483)|STATEMENT_EXECUTE|[16]
15:58:41.1 (2359757)|STATEMENT_EXECUTE|[17]
15:58:41.1 (2408732)|HEAP_ALLOCATE|[17]|Bytes:56
15:58:41.1 (2448197)|VARIABLE_SCOPE_BEGIN|[17]|now|Datetime|false|false
15:58:41.1 (2611537)|VARIABLE_ASSIGNMENT|[17]|now|"2018-05-12T13:58:41.230Z"
15:58:41.1 (2628418)|STATEMENT_EXECUTE|[18]
15:58:41.1 (2672551)|HEAP_ALLOCATE|[18]|Bytes:4
15:58:41.1 (2748068)|HEAP_ALLOCATE|[18]|Bytes:4
15:58:41.1 (2785191)|VARIABLE_ASSIGNMENT|[18]|this.First_Name__c|"John"|0x52caa790
15:58:41.1 (2792263)|HEAP_ALLOCATE|[18]|Bytes:5
15:58:41.1 (2809755)|VARIABLE_ASSIGNMENT|[18]|this.Last_Name__c|"Smith"|0x52caa790
15:58:41.1 (2833948)|VARIABLE_SCOPE_BEGIN|[18]|speaker|Speaker__c|true|false
15:58:41.1 (2854001)|VARIABLE_ASSIGNMENT|[18]|speaker|{"First_Name__c":"John","Last_Name__c":"Smith"}|0x52caa790
15:58:41.1 (2873014)|STATEMENT_EXECUTE|[19]
15:58:41.1 (2894843)|HEAP_ALLOCATE|[19]|Bytes:8
15:58:41.1 (2912483)|DML_BEGIN|[19]|Op:Insert|Type:Speaker__c|Rows:1
15:58:41.1 (2941507)|HEAP_ALLOCATE|[EXTERNAL]|Bytes:8
15:58:41.1 (38911871)|DML_END|[19]
15:58:41.1 (38940747)|STATEMENT_EXECUTE|[20]
15:58:41.1 (38994631)|HEAP_ALLOCATE|[20]|Bytes:4
15:58:41.1 (39090095)|HEAP_ALLOCATE|[20]|Bytes:9
15:58:41.1 (39135524)|VARIABLE_ASSIGNMENT|[20]|this.Name|"Session 1"|0x224a38e1
15:58:41.1 (39171233)|VARIABLE_ASSIGNMENT|[20]|this.Session_Date__c|"2018-05-12T13:58:41.230Z"|0x224a38e1
15:58:41.1 (39201914)|VARIABLE_SCOPE_BEGIN|[20]|session1|Session__c|true|false
15:58:41.1 (39226768)|VARIABLE_ASSIGNMENT|[20]|session1|{"Name":"Session 1","Session_Date__c":"2018-05-12T13:58:41.230Z"}|0x224a38e1
15:58:41.1 (39233958)|STATEMENT_EXECUTE|[21]
15:58:41.1 (39260765)|HEAP_ALLOCATE|[21]|Bytes:8
15:58:41.1 (39277265)|DML_BEGIN|[21]|Op:Insert|Type:Session__c|Rows:1
15:58:41.1 (39311955)|HEAP_ALLOCATE|[EXTERNAL]|Bytes:8
15:58:41.1 (50151623)|DML_END|[21]
15:58:41.1 (50165755)|STATEMENT_EXECUTE|[22]
15:58:41.1 (50186845)|HEAP_ALLOCATE|[22]|Bytes:4
15:58:41.1 (50202112)|HEAP_ALLOCATE|[22]|Bytes:9
15:58:41.1 (50231214)|VARIABLE_ASSIGNMENT|[22]|this.Name|"Session 2"|0x5c19db49
15:58:41.1 (50258611)|VARIABLE_ASSIGNMENT|[22]|this.Session_Date__c|"2018-05-12T13:58:41.230Z"|0x5c19db49
15:58:41.1 (50276661)|VARIABLE_SCOPE_BEGIN|[22]|session2|Session__c|true|false
15:58:41.1 (50294931)|VARIABLE_ASSIGNMENT|[22]|session2|{"Name":"Session 2","Session_Date__c":"2018-05-12T13:58:41.230Z"}|0x5c19db49
15:58:41.1 (50301451)|STATEMENT_EXECUTE|[23]
15:58:41.1 (50323011)|HEAP_ALLOCATE|[23]|Bytes:8
15:58:41.1 (50335622)|DML_BEGIN|[23]|Op:Insert|Type:Session__c|Rows:1
15:58:41.1 (50361776)|HEAP_ALLOCATE|[EXTERNAL]|Bytes:8
15:58:41.1 (57039357)|DML_END|[23]
15:58:41.1 (57052243)|STATEMENT_EXECUTE|[24]
15:58:41.1 (57084265)|HEAP_ALLOCATE|[25]|Bytes:4
15:58:41.1 (57195874)|VARIABLE_ASSIGNMENT|[25]|this.Session__c|"a031r00000TsmybAAB"|0x3f39d24f
15:58:41.1 (57228297)|VARIABLE_ASSIGNMENT|[25]|this.Speaker__c|"a041r00000ZF2yWAAT"|0x3f39d24f
15:58:41.1 (57245485)|VARIABLE_SCOPE_BEGIN|[24]|assignment1|Session_Speaker__c|true|false
15:58:41.1 (57260545)|VARIABLE_ASSIGNMENT|[24]|assignment1|{"Session__c":"a031r00000TsmybAAB","Speaker__c":"a041r00000ZF2yWAAT"}|0x3f39d24f
15:58:41.1 (57267029)|STATEMENT_EXECUTE|[26]
15:58:41.1 (57285880)|HEAP_ALLOCATE|[26]|Bytes:8
15:58:41.1 (57297219)|DML_BEGIN|[26]|Op:Insert|Type:Session_Speaker__c|Rows:1
15:58:41.1 (57324105)|HEAP_ALLOCATE|[EXTERNAL]|Bytes:8
15:58:41.1 (59560809)|CODE_UNIT_STARTED|[EXTERNAL]|01q1r000000CEjx|RejectDoubleBooking on Session_Speaker trigger event BeforeInsert
15:58:41.1 (59596961)|HEAP_ALLOCATE|[EXTERNAL]|Bytes:8
15:58:41.1 (59756744)|HEAP_ALLOCATE|[EXTERNAL]|Bytes:20
15:58:41.1 (59769298)|VARIABLE_SCOPE_BEGIN|[1]|this|RejectDoubleBooking|true|false
15:58:41.1 (59831649)|VARIABLE_ASSIGNMENT|[1]|this|{}|0x5541f388
15:58:41.1 (59912764)|HEAP_ALLOCATE|[EXTERNAL]|Bytes:20
15:58:41.1 (59923135)|VARIABLE_SCOPE_BEGIN|[1]|this|RejectDoubleBooking|true|false
15:58:41.1 (59937303)|VARIABLE_ASSIGNMENT|[1]|this|{}|0x5541f388
15:58:41.1 (59945277)|STATEMENT_EXECUTE|[1]
15:58:41.1 (59947559)|STATEMENT_EXECUTE|[3]
15:58:41.1 (59961026)|HEAP_ALLOCATE|[3]|Bytes:4
15:58:41.1 (60079674)|HEAP_ALLOCATE|[EXTERNAL]|Bytes:4
15:58:41.1 (60093510)|VARIABLE_ASSIGNMENT|[3]|this.speakerIds|[]|0x5541f388
15:58:41.1 (60100319)|STATEMENT_EXECUTE|[4]
15:58:41.1 (60123607)|HEAP_ALLOCATE|[4]|Bytes:4
15:58:41.1 (60156926)|VARIABLE_ASSIGNMENT|[4]|this.requested_bookings|{}|0x5541f388
15:58:41.1 (60365528)|HEAP_ALLOCATE|[7]|Bytes:5
15:58:41.1 (60399179)|HEAP_ALLOCATE|[7]|Bytes:4
15:58:41.1 (60408744)|VARIABLE_SCOPE_BEGIN|[7]|newItem|Session_Speaker__c|true|false
15:58:41.1 (61038008)|VARIABLE_ASSIGNMENT|[7]|newItem|{"Session__c":"a031r00000TsmybAAB","IsDeleted":false,"Speaker__c":"a041r00000ZF2yWAAT"}|0x7d1e1c1d
15:58:41.1 (61049361)|STATEMENT_EXECUTE|[7]
15:58:41.1 (61051458)|STATEMENT_EXECUTE|[8]
15:58:41.1 (61117932)|HEAP_ALLOCATE|[EXTERNAL]|Bytes:-4
15:58:41.1 (61128450)|STATEMENT_EXECUTE|[9]
15:58:41.1 (61168436)|HEAP_ALLOCATE|[EXTERNAL]|Bytes:4
15:58:41.1 (61185096)|HEAP_ALLOCATE|[7]|Bytes:5
15:58:41.1 (61199374)|VARIABLE_ASSIGNMENT|[7]|newItem|null|
15:58:41.1 (61205177)|STATEMENT_EXECUTE|[12]
15:58:41.1 (61208925)|HEAP_ALLOCATE|[12]|Bytes:62
15:58:41.1 (61224695)|HEAP_ALLOCATE|[12]|Bytes:4
15:58:41.1 (61235000)|HEAP_ALLOCATE|[12]|Bytes:7
15:58:41.1 (61276474)|HEAP_ALLOCATE|[12]|Bytes:26
15:58:41.1 (61315976)|HEAP_ALLOCATE|[12]|Bytes:8
15:58:41.1 (61329957)|HEAP_ALLOCATE|[12]|Bytes:8
15:58:41.1 (61516345)|SOQL_EXECUTE_BEGIN|[12]|Aggregations:0|SELECT ID, Session_Date__c FROM Session__c WHERE ID = :tmpVar1
15:58:41.1 (64201998)|SOQL_EXECUTE_END|[12]|Rows:1
15:58:41.1 (64223409)|HEAP_ALLOCATE|[12]|Bytes:8
15:58:41.1 (64239711)|HEAP_ALLOCATE|[12]|Bytes:52
15:58:41.1 (64267922)|HEAP_ALLOCATE|[12]|Bytes:8
15:58:41.1 (64306885)|VARIABLE_ASSIGNMENT|[12]|this.related_sessions|[{"Id":"a031r00000TsmybAAB","Session_Date__c":"2018-05-12T13:58:41.000Z"}]|0x5541f388
15:58:41.1 (64422426)|HEAP_ALLOCATE|[13]|Bytes:5
15:58:41.1 (64439432)|HEAP_ALLOCATE|[13]|Bytes:12
15:58:41.1 (64447282)|VARIABLE_SCOPE_BEGIN|[13]|related_session|Session__c|true|false
15:58:41.1 (64466836)|VARIABLE_ASSIGNMENT|[13]|related_session|{"Id":"a031r00000TsmybAAB","Session_Date__c":"2018-05-12T13:58:41.000Z"}|0x2ae27346
15:58:41.1 (64473768)|STATEMENT_EXECUTE|[13]
15:58:41.1 (64475794)|STATEMENT_EXECUTE|[14]
15:58:41.1 (64551537)|HEAP_ALLOCATE|[13]|Bytes:5
15:58:41.1 (64565311)|VARIABLE_ASSIGNMENT|[13]|related_session|null|
15:58:41.1 (64570757)|STATEMENT_EXECUTE|[17]
15:58:41.1 (64574267)|HEAP_ALLOCATE|[17]|Bytes:114
15:58:41.1 (64586921)|HEAP_ALLOCATE|[17]|Bytes:4
15:58:41.1 (64850882)|SOQL_EXECUTE_BEGIN|[17]|Aggregations:0|SELECT ID, Speaker__c, Session__c, Session__r.Session_Date__c FROM Session_Speaker__c WHERE Speaker__c IN :tmpVar1
15:58:41.1 (67194250)|SOQL_EXECUTE_END|[17]|Rows:0
15:58:41.1 (67215695)|HEAP_ALLOCATE|[17]|Bytes:4
15:58:41.1 (67227623)|HEAP_ALLOCATE|[17]|Bytes:0
15:58:41.1 (67258332)|HEAP_ALLOCATE|[17]|Bytes:4
15:58:41.1 (67281046)|VARIABLE_ASSIGNMENT|[17]|this.related_speakers|[]|0x5541f388
15:58:41.1 (67341670)|HEAP_ALLOCATE|[19]|Bytes:5
15:58:41.1 (67355743)|HEAP_ALLOCATE|[19]|Bytes:4
15:58:41.1 (67363128)|VARIABLE_SCOPE_BEGIN|[19]|requested_session_speaker|Session_Speaker__c|true|false
15:58:41.1 (67459511)|VARIABLE_ASSIGNMENT|[19]|requested_session_speaker|{"Session__c":"a031r00000TsmybAAB","IsDeleted":false,"Speaker__c":"a041r00000ZF2yWAAT"}|0x7d1e1c1d
15:58:41.1 (67467400)|STATEMENT_EXECUTE|[19]
15:58:41.1 (67469523)|STATEMENT_EXECUTE|[20]
15:58:41.1 (67517054)|VARIABLE_SCOPE_BEGIN|[20]|booking_time|Datetime|false|false
15:58:41.1 (67536480)|VARIABLE_ASSIGNMENT|[20]|booking_time|"2018-05-12T13:58:41.000Z"
15:58:41.1 (67567198)|HEAP_ALLOCATE|[21]|Bytes:5
15:58:41.1 (67583339)|VARIABLE_ASSIGNMENT|[21]|related_speaker|null|
15:58:41.1 (67588887)|STATEMENT_EXECUTE|[21]
15:58:41.1 (67595572)|HEAP_ALLOCATE|[19]|Bytes:5
15:58:41.1 (67604344)|VARIABLE_ASSIGNMENT|[19]|requested_session_speaker|null|
15:58:41.67 (67614524)|CUMULATIVE_LIMIT_USAGE
15:58:41.67 (67614524)|LIMIT_USAGE_FOR_NS|(default)|
  Number of SOQL queries: 2 out of 100
  Number of query rows: 1 out of 50000
  Number of SOSL queries: 0 out of 20
  Number of DML statements: 4 out of 150
  Number of DML rows: 4 out of 10000
  Maximum CPU time: 0 out of 10000
  Maximum heap size: 0 out of 6000000
  Number of callouts: 0 out of 100
  Number of Email Invocations: 0 out of 10
  Number of future calls: 0 out of 50
  Number of queueable jobs added to the queue: 0 out of 50
  Number of Mobile Apex push calls: 0 out of 10

15:58:41.67 (67614524)|CUMULATIVE_LIMIT_USAGE_END

15:58:41.1 (68611491)|CODE_UNIT_FINISHED|RejectDoubleBooking on Session_Speaker trigger event BeforeInsert
15:58:41.1 (86724199)|CODE_UNIT_STARTED|[EXTERNAL]|01q1r000000CEjs|SendConfirmationEmail on Session_Speaker trigger event AfterInsert
15:58:41.1 (86757111)|HEAP_ALLOCATE|[EXTERNAL]|Bytes:8
15:58:41.1 (86843455)|HEAP_ALLOCATE|[EXTERNAL]|Bytes:12
15:58:41.1 (86857157)|VARIABLE_SCOPE_BEGIN|[1]|this|SendConfirmationEmail|true|false
15:58:41.1 (86903744)|VARIABLE_ASSIGNMENT|[1]|this|{}|0x334739f4
15:58:41.1 (86950651)|HEAP_ALLOCATE|[EXTERNAL]|Bytes:12
15:58:41.1 (87085732)|VARIABLE_SCOPE_BEGIN|[1]|this|SendConfirmationEmail|true|false
15:58:41.1 (87102847)|VARIABLE_ASSIGNMENT|[1]|this|{}|0x334739f4
15:58:41.1 (87110036)|STATEMENT_EXECUTE|[1]
15:58:41.1 (87112203)|STATEMENT_EXECUTE|[3]
15:58:41.1 (87123451)|HEAP_ALLOCATE|[3]|Bytes:4
15:58:41.1 (87173476)|HEAP_ALLOCATE|[EXTERNAL]|Bytes:4
15:58:41.1 (87183598)|VARIABLE_ASSIGNMENT|[3]|this.sessionSpeakerIds|[]|0x334739f4
15:58:41.1 (87243362)|HEAP_ALLOCATE|[4]|Bytes:5
15:58:41.1 (87261349)|VARIABLE_SCOPE_BEGIN|[4]|newItem|Session_Speaker__c|true|false
15:58:41.1 (87389473)|VARIABLE_ASSIGNMENT|[4]|newItem|{"LastModifiedDate":"2018-05-12T13:58:41.000Z","Session__c":"a031r00000TsmybAAB","IsDeleted":false,"CreatedById":"0051r000007Pnq4AAC","CreatedDate":"2018-05-12T13:58:41.000Z","Speaker__c":"a041r00000ZF2yWAAT","Id":"a051r00000mxZqcAAE","LastModifiedById":"0051r000007Pnq4AAC","Name":"SESP-100005","SystemModstamp":"2018-05-12T13:58:41.000Z"}|0x35c2d2cc
15:58:41.1 (87405124)|STATEMENT_EXECUTE|[4]
15:58:41.1 (87407095)|STATEMENT_EXECUTE|[5]
15:58:41.1 (87453088)|HEAP_ALLOCATE|[EXTERNAL]|Bytes:4
15:58:41.1 (87470282)|HEAP_ALLOCATE|[4]|Bytes:5
15:58:41.1 (87482989)|VARIABLE_ASSIGNMENT|[4]|newItem|null|
15:58:41.1 (87487871)|STATEMENT_EXECUTE|[8]
15:58:41.1 (87491423)|HEAP_ALLOCATE|[9]|Bytes:167
15:58:41.1 (87507743)|HEAP_ALLOCATE|[9]|Bytes:4
15:58:41.1 (87826163)|SOQL_EXECUTE_BEGIN|[9]|Aggregations:0|SELECT Session__r.Name, Session__r.Session_Date__c, Speaker__r.First_Name__c, Speaker__r.Last_Name__c, Speaker__r.Email__c FROM Session_Speaker__c WHERE Id IN :tmpVar1
15:58:41.1 (93942938)|SOQL_EXECUTE_END|[9]|Rows:1
15:58:41.1 (93962927)|HEAP_ALLOCATE|[9]|Bytes:8
15:58:41.1 (93983892)|HEAP_ALLOCATE|[9]|Bytes:259
15:58:41.1 (94011909)|HEAP_ALLOCATE|[9]|Bytes:8
15:58:41.1 (94057019)|VARIABLE_ASSIGNMENT|[8]|this.sessionSpeakers|[{"Session__c":"a031r00000TsmybAAB","Speaker__c":"a041r00000ZF2yWAAT","Id":"a051r00000mxZqcAAE","Session__r":{"Id":"a031r00000TsmybAAB","Name":"Session 1","Session_Date__c":"2018-05-12T13:58:41.000Z"},"Speaker__r":{"Id":"a041r00000ZF2yWAAT","First_Name__c":"John","Last_Name__c":"Smith"}}]|0x334739f4
15:58:41.1 (94095012)|STATEMENT_EXECUTE|[15]
15:58:41.1 (94097401)|STATEMENT_EXECUTE|[17]
15:58:41.1 (94109781)|HEAP_ALLOCATE|[17]|Bytes:24
15:58:41.1 (94118741)|VARIABLE_SCOPE_BEGIN|[17]|sessionSpeaker|Session_Speaker__c|true|false
15:58:41.1 (94141756)|VARIABLE_ASSIGNMENT|[17]|sessionSpeaker|{"Session__c":"a031r00000TsmybAAB","Speaker__c":"a041r00000ZF2yWAAT","Id":"a051r00000mxZqcAAE","Session__r":{"Id":"a031r00000TsmybAAB","Name":"Session 1","Session_Date__c":"2018-05-12T13:58:41.000Z"},"Speaker__r":{"Id":"a041r00000ZF2yWAAT","First_Name__c":"John","Last_Name__c":"Smith"}}|0x6b1ea4d6
15:58:41.1 (94191474)|STATEMENT_EXECUTE|[18]
15:58:41.94 (94198807)|CUMULATIVE_LIMIT_USAGE
15:58:41.94 (94198807)|LIMIT_USAGE_FOR_NS|(default)|
  Number of SOQL queries: 3 out of 100
  Number of query rows: 2 out of 50000
  Number of SOSL queries: 0 out of 20
  Number of DML statements: 4 out of 150
  Number of DML rows: 4 out of 10000
  Maximum CPU time: 0 out of 10000
  Maximum heap size: 0 out of 6000000
  Number of callouts: 0 out of 100
  Number of Email Invocations: 0 out of 10
  Number of future calls: 0 out of 50
  Number of queueable jobs added to the queue: 0 out of 50
  Number of Mobile Apex push calls: 0 out of 10

15:58:41.94 (94198807)|CUMULATIVE_LIMIT_USAGE_END

15:58:41.1 (95065813)|CODE_UNIT_FINISHED|SendConfirmationEmail on Session_Speaker trigger event AfterInsert
15:58:41.1 (95902204)|DML_END|[26]
15:58:41.1 (95918967)|STATEMENT_EXECUTE|[27]
15:58:41.1 (95938117)|HEAP_ALLOCATE|[28]|Bytes:4
15:58:41.1 (95989888)|VARIABLE_ASSIGNMENT|[28]|this.Session__c|"a031r00000TsmycAAB"|0x25dbbf91
15:58:41.1 (96012550)|VARIABLE_ASSIGNMENT|[28]|this.Speaker__c|"a041r00000ZF2yWAAT"|0x25dbbf91
15:58:41.1 (96039824)|VARIABLE_SCOPE_BEGIN|[27]|assignment2|Session_Speaker__c|true|false
15:58:41.1 (96056234)|VARIABLE_ASSIGNMENT|[27]|assignment2|{"Session__c":"a031r00000TsmycAAB","Speaker__c":"a041r00000ZF2yWAAT"}|0x25dbbf91
15:58:41.1 (96062393)|STATEMENT_EXECUTE|[29]
15:58:41.1 (96094657)|HEAP_ALLOCATE|[29]|Bytes:8
15:58:41.1 (96109689)|DML_BEGIN|[29]|Op:Insert|Type:Session_Speaker__c|Rows:1
15:58:41.1 (96138315)|HEAP_ALLOCATE|[EXTERNAL]|Bytes:8
15:58:41.1 (98177851)|CODE_UNIT_STARTED|[EXTERNAL]|01q1r000000CEjx|RejectDoubleBooking on Session_Speaker trigger event BeforeInsert
15:58:41.1 (98206111)|HEAP_ALLOCATE|[EXTERNAL]|Bytes:8
15:58:41.1 (98236006)|HEAP_ALLOCATE|[EXTERNAL]|Bytes:20
15:58:41.1 (98246956)|VARIABLE_SCOPE_BEGIN|[1]|this|RejectDoubleBooking|true|false
15:58:41.1 (98266702)|VARIABLE_ASSIGNMENT|[1]|this|{}|0x36f0a986
15:58:41.1 (98294539)|HEAP_ALLOCATE|[EXTERNAL]|Bytes:20
15:58:41.1 (98300682)|VARIABLE_SCOPE_BEGIN|[1]|this|RejectDoubleBooking|true|false
15:58:41.1 (98312633)|VARIABLE_ASSIGNMENT|[1]|this|{}|0x36f0a986
15:58:41.1 (98326146)|STATEMENT_EXECUTE|[1]
15:58:41.1 (98328389)|STATEMENT_EXECUTE|[3]
15:58:41.1 (98338428)|HEAP_ALLOCATE|[3]|Bytes:4
15:58:41.1 (98371645)|HEAP_ALLOCATE|[EXTERNAL]|Bytes:4
15:58:41.1 (98380897)|VARIABLE_ASSIGNMENT|[3]|this.speakerIds|[]|0x36f0a986
15:58:41.1 (98386955)|STATEMENT_EXECUTE|[4]
15:58:41.1 (98397499)|HEAP_ALLOCATE|[4]|Bytes:4
15:58:41.1 (98416138)|VARIABLE_ASSIGNMENT|[4]|this.requested_bookings|{}|0x36f0a986
15:58:41.1 (98461363)|HEAP_ALLOCATE|[7]|Bytes:5
15:58:41.1 (98476059)|HEAP_ALLOCATE|[7]|Bytes:4
15:58:41.1 (98483734)|VARIABLE_SCOPE_BEGIN|[7]|newItem|Session_Speaker__c|true|false
15:58:41.1 (98591684)|VARIABLE_ASSIGNMENT|[7]|newItem|{"Session__c":"a031r00000TsmycAAB","IsDeleted":false,"Speaker__c":"a041r00000ZF2yWAAT"}|0x1e2ebe40
15:58:41.1 (98598921)|STATEMENT_EXECUTE|[7]
15:58:41.1 (98600728)|STATEMENT_EXECUTE|[8]
15:58:41.1 (98621180)|HEAP_ALLOCATE|[EXTERNAL]|Bytes:-4
15:58:41.1 (98628670)|STATEMENT_EXECUTE|[9]
15:58:41.1 (98639132)|HEAP_ALLOCATE|[EXTERNAL]|Bytes:4
15:58:41.1 (98651437)|HEAP_ALLOCATE|[7]|Bytes:5
15:58:41.1 (98662915)|VARIABLE_ASSIGNMENT|[7]|newItem|null|
15:58:41.1 (98668830)|STATEMENT_EXECUTE|[12]
15:58:41.1 (98679027)|HEAP_ALLOCATE|[12]|Bytes:4
15:58:41.1 (98706404)|HEAP_ALLOCATE|[12]|Bytes:26
15:58:41.1 (98730318)|HEAP_ALLOCATE|[12]|Bytes:8
15:58:41.1 (98738553)|HEAP_ALLOCATE|[12]|Bytes:8
15:58:41.1 (98878741)|SOQL_EXECUTE_BEGIN|[12]|Aggregations:0|SELECT ID, Session_Date__c FROM Session__c WHERE ID = :tmpVar1
15:58:41.1 (100455179)|SOQL_EXECUTE_END|[12]|Rows:1
15:58:41.1 (100474777)|HEAP_ALLOCATE|[12]|Bytes:8
15:58:41.1 (100488129)|HEAP_ALLOCATE|[12]|Bytes:52
15:58:41.1 (100515947)|HEAP_ALLOCATE|[12]|Bytes:8
15:58:41.1 (100547089)|VARIABLE_ASSIGNMENT|[12]|this.related_sessions|[{"Id":"a031r00000TsmycAAB","Session_Date__c":"2018-05-12T13:58:41.000Z"}]|0x36f0a986
15:58:41.1 (100575406)|HEAP_ALLOCATE|[13]|Bytes:5
15:58:41.1 (100587588)|HEAP_ALLOCATE|[13]|Bytes:12
15:58:41.1 (100595132)|VARIABLE_SCOPE_BEGIN|[13]|related_session|Session__c|true|false
15:58:41.1 (100615363)|VARIABLE_ASSIGNMENT|[13]|related_session|{"Id":"a031r00000TsmycAAB","Session_Date__c":"2018-05-12T13:58:41.000Z"}|0x56cb1c13
15:58:41.1 (100622833)|STATEMENT_EXECUTE|[13]
15:58:41.1 (100624935)|STATEMENT_EXECUTE|[14]
15:58:41.1 (100655828)|HEAP_ALLOCATE|[13]|Bytes:5
15:58:41.1 (100667034)|VARIABLE_ASSIGNMENT|[13]|related_session|null|
15:58:41.1 (100671870)|STATEMENT_EXECUTE|[17]
15:58:41.1 (100681861)|HEAP_ALLOCATE|[17]|Bytes:4
15:58:41.1 (100923246)|SOQL_EXECUTE_BEGIN|[17]|Aggregations:0|SELECT ID, Speaker__c, Session__c, Session__r.Session_Date__c FROM Session_Speaker__c WHERE Speaker__c IN :tmpVar1
15:58:41.1 (105753911)|SOQL_EXECUTE_END|[17]|Rows:1
15:58:41.1 (105777307)|HEAP_ALLOCATE|[17]|Bytes:8
15:58:41.1 (105793008)|HEAP_ALLOCATE|[17]|Bytes:158
15:58:41.1 (105821598)|HEAP_ALLOCATE|[17]|Bytes:8
15:58:41.1 (105857092)|VARIABLE_ASSIGNMENT|[17]|this.related_speakers|[{"Id":"a051r00000mxZqcAAE","Speaker__c":"a041r00000ZF2yWAAT","Session__c":"a031r00000TsmybAAB","Session__r":{"Id":"a031r00000TsmybAAB","Session_Date__c":"2018-05-12T13:58:41.000Z"}}]|0x36f0a986
15:58:41.1 (105902091)|HEAP_ALLOCATE|[19]|Bytes:5
15:58:41.1 (105917590)|HEAP_ALLOCATE|[19]|Bytes:4
15:58:41.1 (105925870)|VARIABLE_SCOPE_BEGIN|[19]|requested_session_speaker|Session_Speaker__c|true|false
15:58:41.1 (106021028)|VARIABLE_ASSIGNMENT|[19]|requested_session_speaker|{"Session__c":"a031r00000TsmycAAB","IsDeleted":false,"Speaker__c":"a041r00000ZF2yWAAT"}|0x1e2ebe40
15:58:41.1 (106029030)|STATEMENT_EXECUTE|[19]
15:58:41.1 (106031214)|STATEMENT_EXECUTE|[20]
15:58:41.1 (106065118)|VARIABLE_SCOPE_BEGIN|[20]|booking_time|Datetime|false|false
15:58:41.1 (106084306)|VARIABLE_ASSIGNMENT|[20]|booking_time|"2018-05-12T13:58:41.000Z"
15:58:41.1 (106106295)|HEAP_ALLOCATE|[21]|Bytes:5
15:58:41.1 (106122095)|HEAP_ALLOCATE|[21]|Bytes:20
15:58:41.1 (106128948)|VARIABLE_SCOPE_BEGIN|[21]|related_speaker|Session_Speaker__c|true|false
15:58:41.1 (106147775)|VARIABLE_ASSIGNMENT|[21]|related_speaker|{"Id":"a051r00000mxZqcAAE","Speaker__c":"a041r00000ZF2yWAAT","Session__c":"a031r00000TsmybAAB","Session__r":{"Id":"a031r00000TsmybAAB","Session_Date__c":"2018-05-12T13:58:41.000Z"}}|0x6af8ece8
15:58:41.1 (106155675)|STATEMENT_EXECUTE|[21]
15:58:41.1 (106295148)|STATEMENT_EXECUTE|[23]
15:58:41.1 (106297759)|STATEMENT_EXECUTE|[24]
15:58:41.1 (106302167)|HEAP_ALLOCATE|[24]|Bytes:42
15:58:41.1 (106386325)|VF_PAGE_MESSAGE|The speaker is already booked at that time
15:58:41.1 (106407829)|HEAP_ALLOCATE|[21]|Bytes:5
15:58:41.1 (106420900)|VARIABLE_ASSIGNMENT|[21]|related_speaker|null|
15:58:41.1 (106430082)|HEAP_ALLOCATE|[19]|Bytes:5
15:58:41.1 (106438014)|VARIABLE_ASSIGNMENT|[19]|requested_session_speaker|null|
15:58:41.106 (106446373)|CUMULATIVE_LIMIT_USAGE
15:58:41.106 (106446373)|LIMIT_USAGE_FOR_NS|(default)|
  Number of SOQL queries: 5 out of 100
  Number of query rows: 4 out of 50000
  Number of SOSL queries: 0 out of 20
  Number of DML statements: 5 out of 150
  Number of DML rows: 5 out of 10000
  Maximum CPU time: 0 out of 10000
  Maximum heap size: 0 out of 6000000
  Number of callouts: 0 out of 100
  Number of Email Invocations: 0 out of 10
  Number of future calls: 0 out of 50
  Number of queueable jobs added to the queue: 0 out of 50
  Number of Mobile Apex push calls: 0 out of 10

15:58:41.106 (106446373)|CUMULATIVE_LIMIT_USAGE_END

15:58:41.1 (107335628)|CODE_UNIT_FINISHED|RejectDoubleBooking on Session_Speaker trigger event BeforeInsert
15:58:41.1 (108337973)|DML_END|[29]
15:58:41.1 (108402642)|HEAP_ALLOCATE|[29]|Bytes:4
15:58:41.1 (108433293)|VARIABLE_SCOPE_BEGIN|[29]|result|Database.SaveResult|true|false
15:58:41.1 (108722292)|VARIABLE_ASSIGNMENT|[29]|result|{"success":false,"errors":[{"status":"FIELD_CUSTOM_VALIDAT (13 more) ...","message":"The speaker is alrea (22 more) ..."}]}|0xd5c8f86
15:58:41.1 (108731781)|STATEMENT_EXECUTE|[30]
15:58:41.108 (108798473)|CUMULATIVE_LIMIT_USAGE
15:58:41.108 (108798473)|LIMIT_USAGE_FOR_NS|(default)|
  Number of SOQL queries: 3 out of 100
  Number of query rows: 2 out of 50000
  Number of SOSL queries: 0 out of 20
  Number of DML statements: 5 out of 150
  Number of DML rows: 5 out of 10000
  Maximum CPU time: 0 out of 10000
  Maximum heap size: 0 out of 6000000
  Number of callouts: 0 out of 100
  Number of Email Invocations: 0 out of 10
  Number of future calls: 0 out of 50
  Number of queueable jobs added to the queue: 0 out of 50
  Number of Mobile Apex push calls: 0 out of 10

15:58:41.108 (108798473)|CUMULATIVE_LIMIT_USAGE_END

15:58:41.1 (108822478)|CODE_UNIT_FINISHED|TestRejectDoubleBooking.TestDoubleBooking
15:58:41.1 (109536870)|EXECUTION_FINISHED
15:58:41.137 (137633273)|USER_INFO|[EXTERNAL]|0051r000007Pnq4|maxxpower992@resourceful-goat-209670.com|Ora standard dell’Europa centrale|GMT+02:00
15:58:41.137 (137658851)|EXECUTION_STARTED
15:58:41.137 (137664028)|CODE_UNIT_STARTED|[EXTERNAL]|01p1r00000Crmgs|TestRejectDoubleBooking.TestSingleBooking
15:58:41.137 (137812088)|HEAP_ALLOCATE|[72]|Bytes:3
15:58:41.137 (137853333)|HEAP_ALLOCATE|[77]|Bytes:152
15:58:41.137 (137869609)|HEAP_ALLOCATE|[342]|Bytes:408
15:58:41.137 (137883739)|HEAP_ALLOCATE|[355]|Bytes:408
15:58:41.137 (137898316)|HEAP_ALLOCATE|[467]|Bytes:48
15:58:41.137 (137926857)|HEAP_ALLOCATE|[139]|Bytes:6
15:58:41.137 (137942885)|HEAP_ALLOCATE|[EXTERNAL]|Bytes:63
15:58:41.137 (137952836)|METHOD_ENTRY|[2]|01p1r00000Crmgs|TestRejectDoubleBooking.TestRejectDoubleBooking()
15:58:41.137 (137959549)|STATEMENT_EXECUTE|[2]
15:58:41.137 (137964527)|STATEMENT_EXECUTE|[2]
15:58:41.137 (137968604)|METHOD_EXIT|[2]|TestRejectDoubleBooking
15:58:41.137 (138083837)|HEAP_ALLOCATE|[50]|Bytes:5
15:58:41.137 (138106295)|HEAP_ALLOCATE|[56]|Bytes:5
15:58:41.137 (138113899)|HEAP_ALLOCATE|[64]|Bytes:7
15:58:41.137 (138150817)|STATEMENT_EXECUTE|[4]
15:58:41.137 (138153059)|STATEMENT_EXECUTE|[5]
15:58:41.137 (138182119)|HEAP_ALLOCATE|[5]|Bytes:56
15:58:41.137 (138202357)|VARIABLE_SCOPE_BEGIN|[5]|now|Datetime|false|false
15:58:41.137 (138248036)|VARIABLE_ASSIGNMENT|[5]|now|"2018-05-12T13:58:41.366Z"
15:58:41.137 (138256731)|STATEMENT_EXECUTE|[6]
15:58:41.137 (138289498)|HEAP_ALLOCATE|[6]|Bytes:4
15:58:41.137 (138304964)|HEAP_ALLOCATE|[6]|Bytes:4
15:58:41.137 (138346644)|VARIABLE_ASSIGNMENT|[6]|this.First_Name__c|"John"|0x37718946
15:58:41.137 (138354269)|HEAP_ALLOCATE|[6]|Bytes:5
15:58:41.137 (138386857)|VARIABLE_ASSIGNMENT|[6]|this.Last_Name__c|"Smith"|0x37718946
15:58:41.137 (138415969)|VARIABLE_SCOPE_BEGIN|[6]|speaker|Speaker__c|true|false
15:58:41.137 (138445358)|VARIABLE_ASSIGNMENT|[6]|speaker|{"First_Name__c":"John","Last_Name__c":"Smith"}|0x37718946
15:58:41.137 (138451127)|STATEMENT_EXECUTE|[7]
15:58:41.137 (138474231)|HEAP_ALLOCATE|[7]|Bytes:8
15:58:41.137 (138490858)|DML_BEGIN|[7]|Op:Insert|Type:Speaker__c|Rows:1
15:58:41.137 (138520964)|HEAP_ALLOCATE|[EXTERNAL]|Bytes:8
15:58:41.137 (147858554)|DML_END|[7]
15:58:41.137 (147883206)|STATEMENT_EXECUTE|[8]
15:58:41.137 (147914112)|HEAP_ALLOCATE|[8]|Bytes:4
15:58:41.137 (147937328)|HEAP_ALLOCATE|[8]|Bytes:12
15:58:41.137 (147978212)|VARIABLE_ASSIGNMENT|[8]|this.Name|"Some Session"|0x2dcc20d4
15:58:41.137 (148018562)|VARIABLE_ASSIGNMENT|[8]|this.Session_Date__c|"2018-05-12T13:58:41.366Z"|0x2dcc20d4
15:58:41.137 (148056714)|VARIABLE_SCOPE_BEGIN|[8]|session|Session__c|true|false
15:58:41.137 (148083829)|VARIABLE_ASSIGNMENT|[8]|session|{"Name":"Some Session","Session_Date__c":"2018-05-12T13:58:41.366Z"}|0x2dcc20d4
15:58:41.137 (148092780)|STATEMENT_EXECUTE|[9]
15:58:41.137 (148115517)|HEAP_ALLOCATE|[9]|Bytes:8
15:58:41.137 (148130996)|DML_BEGIN|[9]|Op:Insert|Type:Session__c|Rows:1
15:58:41.137 (148163678)|HEAP_ALLOCATE|[EXTERNAL]|Bytes:8
15:58:41.137 (157051545)|DML_END|[9]
15:58:41.137 (157074967)|STATEMENT_EXECUTE|[10]
15:58:41.137 (157105119)|HEAP_ALLOCATE|[11]|Bytes:4
15:58:41.137 (157179299)|VARIABLE_ASSIGNMENT|[11]|this.Session__c|"a031r00000TsmydAAB"|0x558a8b96
15:58:41.137 (157219655)|VARIABLE_ASSIGNMENT|[11]|this.Speaker__c|"a041r00000ZF2yXAAT"|0x558a8b96
15:58:41.137 (157246241)|VARIABLE_SCOPE_BEGIN|[10]|assignment|Session_Speaker__c|true|false
15:58:41.137 (157275526)|VARIABLE_ASSIGNMENT|[10]|assignment|{"Session__c":"a031r00000TsmydAAB","Speaker__c":"a041r00000ZF2yXAAT"}|0x558a8b96
15:58:41.137 (157285193)|STATEMENT_EXECUTE|[12]
15:58:41.137 (157330245)|HEAP_ALLOCATE|[12]|Bytes:8
15:58:41.137 (157348205)|DML_BEGIN|[12]|Op:Insert|Type:Session_Speaker__c|Rows:1
15:58:41.137 (157384417)|HEAP_ALLOCATE|[EXTERNAL]|Bytes:8
15:58:41.137 (159784780)|CODE_UNIT_STARTED|[EXTERNAL]|01q1r000000CEjx|RejectDoubleBooking on Session_Speaker trigger event BeforeInsert
15:58:41.137 (159825634)|HEAP_ALLOCATE|[EXTERNAL]|Bytes:8
15:58:41.137 (159877253)|HEAP_ALLOCATE|[EXTERNAL]|Bytes:20
15:58:41.137 (159888246)|VARIABLE_SCOPE_BEGIN|[1]|this|RejectDoubleBooking|true|false
15:58:41.137 (159918703)|VARIABLE_ASSIGNMENT|[1]|this|{}|0x691045c4
15:58:41.137 (159951416)|HEAP_ALLOCATE|[EXTERNAL]|Bytes:20
15:58:41.137 (159959218)|VARIABLE_SCOPE_BEGIN|[1]|this|RejectDoubleBooking|true|false
15:58:41.137 (159970918)|VARIABLE_ASSIGNMENT|[1]|this|{}|0x691045c4
15:58:41.137 (159977907)|STATEMENT_EXECUTE|[1]
15:58:41.137 (159980228)|STATEMENT_EXECUTE|[3]
15:58:41.137 (159999742)|HEAP_ALLOCATE|[3]|Bytes:4
15:58:41.137 (160056359)|HEAP_ALLOCATE|[EXTERNAL]|Bytes:4
15:58:41.137 (160073739)|VARIABLE_ASSIGNMENT|[3]|this.speakerIds|[]|0x691045c4
15:58:41.137 (160079981)|STATEMENT_EXECUTE|[4]
15:58:41.137 (160104092)|HEAP_ALLOCATE|[4]|Bytes:4
15:58:41.137 (160127509)|VARIABLE_ASSIGNMENT|[4]|this.requested_bookings|{}|0x691045c4
15:58:41.137 (160210970)|HEAP_ALLOCATE|[7]|Bytes:5
15:58:41.137 (160229909)|HEAP_ALLOCATE|[7]|Bytes:4
15:58:41.137 (160238340)|VARIABLE_SCOPE_BEGIN|[7]|newItem|Session_Speaker__c|true|false
15:58:41.137 (160362610)|VARIABLE_ASSIGNMENT|[7]|newItem|{"Session__c":"a031r00000TsmydAAB","IsDeleted":false,"Speaker__c":"a041r00000ZF2yXAAT"}|0x78f9179f
15:58:41.137 (160371136)|STATEMENT_EXECUTE|[7]
15:58:41.137 (160373016)|STATEMENT_EXECUTE|[8]
15:58:41.137 (160401675)|HEAP_ALLOCATE|[EXTERNAL]|Bytes:-4
15:58:41.137 (160409764)|STATEMENT_EXECUTE|[9]
15:58:41.137 (160424453)|HEAP_ALLOCATE|[EXTERNAL]|Bytes:4
15:58:41.137 (160437552)|HEAP_ALLOCATE|[7]|Bytes:5
15:58:41.137 (160452324)|VARIABLE_ASSIGNMENT|[7]|newItem|null|
15:58:41.137 (160458192)|STATEMENT_EXECUTE|[12]
15:58:41.137 (160465663)|HEAP_ALLOCATE|[12]|Bytes:62
15:58:41.137 (160481129)|HEAP_ALLOCATE|[12]|Bytes:4
15:58:41.137 (160491595)|HEAP_ALLOCATE|[12]|Bytes:7
15:58:41.137 (160521490)|HEAP_ALLOCATE|[12]|Bytes:26
15:58:41.137 (160554745)|HEAP_ALLOCATE|[12]|Bytes:8
15:58:41.137 (160563387)|HEAP_ALLOCATE|[12]|Bytes:8
15:58:41.137 (160713832)|SOQL_EXECUTE_BEGIN|[12]|Aggregations:0|SELECT ID, Session_Date__c FROM Session__c WHERE ID = :tmpVar1
15:58:41.137 (162446397)|SOQL_EXECUTE_END|[12]|Rows:1
15:58:41.137 (162467696)|HEAP_ALLOCATE|[12]|Bytes:8
15:58:41.137 (162484091)|HEAP_ALLOCATE|[12]|Bytes:52
15:58:41.137 (162517319)|HEAP_ALLOCATE|[12]|Bytes:8
15:58:41.137 (162555862)|VARIABLE_ASSIGNMENT|[12]|this.related_sessions|[{"Id":"a031r00000TsmydAAB","Session_Date__c":"2018-05-12T13:58:41.000Z"}]|0x691045c4
15:58:41.137 (162606586)|HEAP_ALLOCATE|[13]|Bytes:5
15:58:41.137 (162627038)|HEAP_ALLOCATE|[13]|Bytes:12
15:58:41.137 (162638271)|VARIABLE_SCOPE_BEGIN|[13]|related_session|Session__c|true|false
15:58:41.137 (162720082)|VARIABLE_ASSIGNMENT|[13]|related_session|{"Id":"a031r00000TsmydAAB","Session_Date__c":"2018-05-12T13:58:41.000Z"}|0x492c029b
15:58:41.137 (162737391)|STATEMENT_EXECUTE|[13]
15:58:41.137 (162740307)|STATEMENT_EXECUTE|[14]
15:58:41.137 (162807612)|HEAP_ALLOCATE|[13]|Bytes:5
15:58:41.137 (162829181)|VARIABLE_ASSIGNMENT|[13]|related_session|null|
15:58:41.137 (162837257)|STATEMENT_EXECUTE|[17]
15:58:41.137 (162841590)|HEAP_ALLOCATE|[17]|Bytes:114
15:58:41.137 (162858517)|HEAP_ALLOCATE|[17]|Bytes:4
15:58:41.137 (163238369)|SOQL_EXECUTE_BEGIN|[17]|Aggregations:0|SELECT ID, Speaker__c, Session__c, Session__r.Session_Date__c FROM Session_Speaker__c WHERE Speaker__c IN :tmpVar1
15:58:41.137 (165156883)|SOQL_EXECUTE_END|[17]|Rows:0
15:58:41.137 (165179035)|HEAP_ALLOCATE|[17]|Bytes:4
15:58:41.137 (165190524)|HEAP_ALLOCATE|[17]|Bytes:0
15:58:41.137 (165217798)|HEAP_ALLOCATE|[17]|Bytes:4
15:58:41.137 (165239994)|VARIABLE_ASSIGNMENT|[17]|this.related_speakers|[]|0x691045c4
15:58:41.137 (165285615)|HEAP_ALLOCATE|[19]|Bytes:5
15:58:41.137 (165300550)|HEAP_ALLOCATE|[19]|Bytes:4
15:58:41.137 (165308434)|VARIABLE_SCOPE_BEGIN|[19]|requested_session_speaker|Session_Speaker__c|true|false
15:58:41.137 (165402401)|VARIABLE_ASSIGNMENT|[19]|requested_session_speaker|{"Session__c":"a031r00000TsmydAAB","IsDeleted":false,"Speaker__c":"a041r00000ZF2yXAAT"}|0x78f9179f
15:58:41.137 (165410694)|STATEMENT_EXECUTE|[19]
15:58:41.137 (165412849)|STATEMENT_EXECUTE|[20]
15:58:41.137 (165450694)|VARIABLE_SCOPE_BEGIN|[20]|booking_time|Datetime|false|false
15:58:41.137 (165469543)|VARIABLE_ASSIGNMENT|[20]|booking_time|"2018-05-12T13:58:41.000Z"
15:58:41.137 (165497663)|HEAP_ALLOCATE|[21]|Bytes:5
15:58:41.137 (165510573)|VARIABLE_ASSIGNMENT|[21]|related_speaker|null|
15:58:41.137 (165516443)|STATEMENT_EXECUTE|[21]
15:58:41.137 (165522926)|HEAP_ALLOCATE|[19]|Bytes:5
15:58:41.137 (165531357)|VARIABLE_ASSIGNMENT|[19]|requested_session_speaker|null|
15:58:41.165 (165540675)|CUMULATIVE_LIMIT_USAGE
15:58:41.165 (165540675)|LIMIT_USAGE_FOR_NS|(default)|
  Number of SOQL queries: 2 out of 100
  Number of query rows: 1 out of 50000
  Number of SOSL queries: 0 out of 20
  Number of DML statements: 3 out of 150
  Number of DML rows: 3 out of 10000
  Maximum CPU time: 0 out of 10000
  Maximum heap size: 0 out of 6000000
  Number of callouts: 0 out of 100
  Number of Email Invocations: 0 out of 10
  Number of future calls: 0 out of 50
  Number of queueable jobs added to the queue: 0 out of 50
  Number of Mobile Apex push calls: 0 out of 10

15:58:41.165 (165540675)|CUMULATIVE_LIMIT_USAGE_END

15:58:41.137 (166537576)|CODE_UNIT_FINISHED|RejectDoubleBooking on Session_Speaker trigger event BeforeInsert
15:58:41.137 (178856268)|CODE_UNIT_STARTED|[EXTERNAL]|01q1r000000CEjs|SendConfirmationEmail on Session_Speaker trigger event AfterInsert
15:58:41.137 (178888905)|HEAP_ALLOCATE|[EXTERNAL]|Bytes:8
15:58:41.137 (178941871)|HEAP_ALLOCATE|[EXTERNAL]|Bytes:12
15:58:41.137 (178949469)|VARIABLE_SCOPE_BEGIN|[1]|this|SendConfirmationEmail|true|false
15:58:41.137 (178969283)|VARIABLE_ASSIGNMENT|[1]|this|{}|0x403c48b7
15:58:41.137 (178997778)|HEAP_ALLOCATE|[EXTERNAL]|Bytes:12
15:58:41.137 (179004464)|VARIABLE_SCOPE_BEGIN|[1]|this|SendConfirmationEmail|true|false
15:58:41.137 (179016869)|VARIABLE_ASSIGNMENT|[1]|this|{}|0x403c48b7
15:58:41.137 (179023204)|STATEMENT_EXECUTE|[1]
15:58:41.137 (179025402)|STATEMENT_EXECUTE|[3]
15:58:41.137 (179035293)|HEAP_ALLOCATE|[3]|Bytes:4
15:58:41.137 (179074733)|HEAP_ALLOCATE|[EXTERNAL]|Bytes:4
15:58:41.137 (179084487)|VARIABLE_ASSIGNMENT|[3]|this.sessionSpeakerIds|[]|0x403c48b7
15:58:41.137 (179136526)|HEAP_ALLOCATE|[4]|Bytes:5
15:58:41.137 (179153736)|VARIABLE_SCOPE_BEGIN|[4]|newItem|Session_Speaker__c|true|false
15:58:41.137 (179271584)|VARIABLE_ASSIGNMENT|[4]|newItem|{"LastModifiedDate":"2018-05-12T13:58:41.000Z","Session__c":"a031r00000TsmydAAB","IsDeleted":false,"CreatedById":"0051r000007Pnq4AAC","CreatedDate":"2018-05-12T13:58:41.000Z","Speaker__c":"a041r00000ZF2yXAAT","Id":"a051r00000mxZqdAAE","LastModifiedById":"0051r000007Pnq4AAC","Name":"SESP-100005","SystemModstamp":"2018-05-12T13:58:41.000Z"}|0x38162fe8
15:58:41.137 (179283609)|STATEMENT_EXECUTE|[4]
15:58:41.137 (179285500)|STATEMENT_EXECUTE|[5]
15:58:41.137 (179307519)|HEAP_ALLOCATE|[EXTERNAL]|Bytes:4
15:58:41.137 (179326543)|HEAP_ALLOCATE|[4]|Bytes:5
15:58:41.137 (179339590)|VARIABLE_ASSIGNMENT|[4]|newItem|null|
15:58:41.137 (179345147)|STATEMENT_EXECUTE|[8]
15:58:41.137 (179348337)|HEAP_ALLOCATE|[9]|Bytes:167
15:58:41.137 (179361117)|HEAP_ALLOCATE|[9]|Bytes:4
15:58:41.137 (179658750)|SOQL_EXECUTE_BEGIN|[9]|Aggregations:0|SELECT Session__r.Name, Session__r.Session_Date__c, Speaker__r.First_Name__c, Speaker__r.Last_Name__c, Speaker__r.Email__c FROM Session_Speaker__c WHERE Id IN :tmpVar1
15:58:41.137 (187909369)|SOQL_EXECUTE_END|[9]|Rows:1
15:58:41.137 (187935305)|HEAP_ALLOCATE|[9]|Bytes:8
15:58:41.137 (187957882)|HEAP_ALLOCATE|[9]|Bytes:262
15:58:41.137 (188007126)|HEAP_ALLOCATE|[9]|Bytes:8
15:58:41.137 (188073815)|VARIABLE_ASSIGNMENT|[8]|this.sessionSpeakers|[{"Session__c":"a031r00000TsmydAAB","Speaker__c":"a041r00000ZF2yXAAT","Id":"a051r00000mxZqdAAE","Session__r":{"Id":"a031r00000TsmydAAB","Name":"Some Session","Session_Date__c":"2018-05-12T13:58:41.000Z"},"Speaker__r":{"Id":"a041r00000ZF2yXAAT","First_Name__c":"John","Last_Name__c":"Smith"}}]|0x403c48b7
15:58:41.137 (188110278)|STATEMENT_EXECUTE|[15]
15:58:41.137 (188113408)|STATEMENT_EXECUTE|[17]
15:58:41.137 (188128566)|HEAP_ALLOCATE|[17]|Bytes:24
15:58:41.137 (188141007)|VARIABLE_SCOPE_BEGIN|[17]|sessionSpeaker|Session_Speaker__c|true|false
15:58:41.137 (188174453)|VARIABLE_ASSIGNMENT|[17]|sessionSpeaker|{"Session__c":"a031r00000TsmydAAB","Speaker__c":"a041r00000ZF2yXAAT","Id":"a051r00000mxZqdAAE","Session__r":{"Id":"a031r00000TsmydAAB","Name":"Some Session","Session_Date__c":"2018-05-12T13:58:41.000Z"},"Speaker__r":{"Id":"a041r00000ZF2yXAAT","First_Name__c":"John","Last_Name__c":"Smith"}}|0x36bc8ead
15:58:41.137 (188210503)|STATEMENT_EXECUTE|[18]
15:58:41.188 (188218973)|CUMULATIVE_LIMIT_USAGE
15:58:41.188 (188218973)|LIMIT_USAGE_FOR_NS|(default)|
  Number of SOQL queries: 3 out of 100
  Number of query rows: 2 out of 50000
  Number of SOSL queries: 0 out of 20
  Number of DML statements: 3 out of 150
  Number of DML rows: 3 out of 10000
  Maximum CPU time: 0 out of 10000
  Maximum heap size: 0 out of 6000000
  Number of callouts: 0 out of 100
  Number of Email Invocations: 0 out of 10
  Number of future calls: 0 out of 50
  Number of queueable jobs added to the queue: 0 out of 50
  Number of Mobile Apex push calls: 0 out of 10

15:58:41.188 (188218973)|CUMULATIVE_LIMIT_USAGE_END

15:58:41.137 (189042302)|CODE_UNIT_FINISHED|SendConfirmationEmail on Session_Speaker trigger event AfterInsert
15:58:41.137 (189368348)|DML_END|[12]
15:58:41.137 (189389180)|HEAP_ALLOCATE|[12]|Bytes:4
15:58:41.137 (189408452)|VARIABLE_SCOPE_BEGIN|[12]|result|Database.SaveResult|true|false
15:58:41.137 (189433552)|VARIABLE_ASSIGNMENT|[12]|result|{"success":true,"id":"a051r00000mxZqdAAE"}|0x7e3b114d
15:58:41.137 (189439715)|STATEMENT_EXECUTE|[13]
15:58:41.189 (189507355)|CUMULATIVE_LIMIT_USAGE
15:58:41.189 (189507355)|LIMIT_USAGE_FOR_NS|(default)|
  Number of SOQL queries: 3 out of 100
  Number of query rows: 2 out of 50000
  Number of SOSL queries: 0 out of 20
  Number of DML statements: 3 out of 150
  Number of DML rows: 3 out of 10000
  Maximum CPU time: 0 out of 10000
  Maximum heap size: 0 out of 6000000
  Number of callouts: 0 out of 100
  Number of Email Invocations: 0 out of 10
  Number of future calls: 0 out of 50
  Number of queueable jobs added to the queue: 0 out of 50
  Number of Mobile Apex push calls: 0 out of 10

15:58:41.189 (189507355)|CUMULATIVE_LIMIT_USAGE_END

15:58:41.137 (189528868)|CODE_UNIT_FINISHED|TestRejectDoubleBooking.TestSingleBooking
15:58:41.137 (190250386)|EXECUTION_FINISHED
