36.0 APEX_CODE,FINEST;APEX_PROFILING,INFO;CALLOUT,INFO;DB,INFO;SYSTEM,DEBUG;VALIDATION,INFO;VISUALFORCE,INFO;WAVE,INFO;WORKFLOW,INFO
13:10:51.0 (41149)|USER_INFO|[EXTERNAL]|0051r000007Pnq4|maxxpower992@resourceful-goat-209670.com|Ora standard dell’Europa centrale|GMT+02:00
13:10:51.0 (69763)|EXECUTION_STARTED
13:10:51.0 (73837)|CODE_UNIT_STARTED|[EXTERNAL]|0661r000002jwVw|VFRemote: HotelRemoter invoke(findAll)
13:10:51.0 (88963)|SYSTEM_MODE_ENTER|true
13:10:51.0 (1016257)|HEAP_ALLOCATE|[72]|Bytes:3
13:10:51.0 (1059265)|HEAP_ALLOCATE|[77]|Bytes:152
13:10:51.0 (1074168)|HEAP_ALLOCATE|[342]|Bytes:408
13:10:51.0 (1086376)|HEAP_ALLOCATE|[355]|Bytes:408
13:10:51.0 (1096466)|HEAP_ALLOCATE|[467]|Bytes:48
13:10:51.0 (1124385)|HEAP_ALLOCATE|[139]|Bytes:6
13:10:51.0 (1139559)|HEAP_ALLOCATE|[EXTERNAL]|Bytes:1
13:10:51.0 (1149876)|METHOD_ENTRY|[1]|01p1r00000CrmKh|HotelRemoter.HotelRemoter()
13:10:51.0 (1157024)|STATEMENT_EXECUTE|[1]
13:10:51.0 (1161870)|STATEMENT_EXECUTE|[1]
13:10:51.0 (1193493)|HEAP_ALLOCATE|[50]|Bytes:5
13:10:51.0 (1217725)|HEAP_ALLOCATE|[56]|Bytes:5
13:10:51.0 (1225437)|HEAP_ALLOCATE|[64]|Bytes:7
13:10:51.0 (1245712)|SYSTEM_MODE_ENTER|false
13:10:51.0 (1261248)|HEAP_ALLOCATE|[EXTERNAL]|Bytes:5
13:10:51.0 (1270138)|SYSTEM_MODE_EXIT|false
13:10:51.0 (1277490)|METHOD_EXIT|[1]|HotelRemoter
13:10:51.0 (1291450)|SYSTEM_MODE_ENTER|false
13:10:51.0 (1296163)|HEAP_ALLOCATE|[6]|Bytes:5
13:10:51.0 (1300204)|STATEMENT_EXECUTE|[4]
13:10:51.0 (1302070)|STATEMENT_EXECUTE|[6]
13:10:51.0 (1305291)|HEAP_ALLOCATE|[6]|Bytes:76
13:10:51.0 (1323760)|HEAP_ALLOCATE|[6]|Bytes:4
13:10:51.0 (2140479)|SOQL_EXECUTE_BEGIN|[6]|Aggregations:0|SELECT Id, Name, Location__Latitude__s, Location__Longitude__s FROM Hotel__c
13:10:51.0 (11841379)|SOQL_EXECUTE_END|[6]|Rows:3
13:10:51.0 (11865583)|HEAP_ALLOCATE|[6]|Bytes:16
13:10:51.0 (11891994)|HEAP_ALLOCATE|[6]|Bytes:517
13:10:51.0 (11941385)|HEAP_ALLOCATE|[6]|Bytes:16
13:10:51.0 (11955212)|SYSTEM_MODE_EXIT|false
13:10:51.0 (12045463)|CODE_UNIT_FINISHED|VFRemote: HotelRemoter invoke(findAll)
13:10:51.0 (13134026)|EXECUTION_FINISHED
