36.0 APEX_CODE,FINEST;APEX_PROFILING,INFO;CALLOUT,INFO;DB,INFO;SYSTEM,DEBUG;VALIDATION,INFO;VISUALFORCE,INFO;WAVE,INFO;WORKFLOW,INFO
15:59:11.1 (1454176)|USER_INFO|[EXTERNAL]|0051r000007Pnq4|maxxpower992@resourceful-goat-209670.com|Ora standard dell’Europa centrale|GMT+02:00
15:59:11.1 (1528710)|EXECUTION_STARTED
15:59:11.1 (1534767)|CODE_UNIT_STARTED|[EXTERNAL]|01p1r00000Crmgs|TestRejectDoubleBooking.TestDoubleBooking
15:59:11.1 (1762967)|HEAP_ALLOCATE|[72]|Bytes:3
15:59:11.1 (1819793)|HEAP_ALLOCATE|[77]|Bytes:152
15:59:11.1 (1835808)|HEAP_ALLOCATE|[342]|Bytes:408
15:59:11.1 (1849438)|HEAP_ALLOCATE|[355]|Bytes:408
15:59:11.1 (1861124)|HEAP_ALLOCATE|[467]|Bytes:48
15:59:11.1 (1917223)|HEAP_ALLOCATE|[139]|Bytes:6
15:59:11.1 (1934387)|HEAP_ALLOCATE|[EXTERNAL]|Bytes:63
15:59:11.1 (1974678)|METHOD_ENTRY|[2]|01p1r00000Crmgs|TestRejectDoubleBooking.TestRejectDoubleBooking()
15:59:11.1 (1981784)|STATEMENT_EXECUTE|[2]
15:59:11.1 (1996888)|STATEMENT_EXECUTE|[2]
15:59:11.1 (2013562)|METHOD_EXIT|[2]|TestRejectDoubleBooking
15:59:11.1 (2142569)|HEAP_ALLOCATE|[50]|Bytes:5
15:59:11.1 (2167522)|HEAP_ALLOCATE|[56]|Bytes:5
15:59:11.1 (2175570)|HEAP_ALLOCATE|[64]|Bytes:7
15:59:11.1 (2212077)|STATEMENT_EXECUTE|[16]
15:59:11.1 (2215174)|STATEMENT_EXECUTE|[17]
15:59:11.1 (2279914)|HEAP_ALLOCATE|[17]|Bytes:56
15:59:11.1 (2320138)|VARIABLE_SCOPE_BEGIN|[17]|now|Datetime|false|false
15:59:11.1 (2469773)|VARIABLE_ASSIGNMENT|[17]|now|"2018-05-12T13:59:11.329Z"
15:59:11.1 (2476536)|STATEMENT_EXECUTE|[18]
15:59:11.1 (2531994)|HEAP_ALLOCATE|[18]|Bytes:4
15:59:11.1 (2614750)|HEAP_ALLOCATE|[18]|Bytes:4
15:59:11.1 (2656950)|VARIABLE_ASSIGNMENT|[18]|this.First_Name__c|"John"|0x44fe6d35
15:59:11.1 (2664874)|HEAP_ALLOCATE|[18]|Bytes:5
15:59:11.1 (2680298)|VARIABLE_ASSIGNMENT|[18]|this.Last_Name__c|"Smith"|0x44fe6d35
15:59:11.1 (2706750)|VARIABLE_SCOPE_BEGIN|[18]|speaker|Speaker__c|true|false
15:59:11.1 (2727840)|VARIABLE_ASSIGNMENT|[18]|speaker|{"First_Name__c":"John","Last_Name__c":"Smith"}|0x44fe6d35
15:59:11.1 (2733714)|STATEMENT_EXECUTE|[19]
15:59:11.1 (2756758)|HEAP_ALLOCATE|[19]|Bytes:8
15:59:11.1 (2775163)|DML_BEGIN|[19]|Op:Insert|Type:Speaker__c|Rows:1
15:59:11.1 (2807249)|HEAP_ALLOCATE|[EXTERNAL]|Bytes:8
15:59:11.1 (28170188)|DML_END|[19]
15:59:11.1 (28194433)|STATEMENT_EXECUTE|[20]
15:59:11.1 (28251164)|HEAP_ALLOCATE|[20]|Bytes:4
15:59:11.1 (28346720)|HEAP_ALLOCATE|[20]|Bytes:9
15:59:11.1 (28396910)|VARIABLE_ASSIGNMENT|[20]|this.Name|"Session 1"|0x34a8aaf3
15:59:11.1 (28441174)|VARIABLE_ASSIGNMENT|[20]|this.Session_Date__c|"2018-05-12T13:59:11.329Z"|0x34a8aaf3
15:59:11.1 (28472620)|VARIABLE_SCOPE_BEGIN|[20]|session1|Session__c|true|false
15:59:11.1 (28497402)|VARIABLE_ASSIGNMENT|[20]|session1|{"Name":"Session 1","Session_Date__c":"2018-05-12T13:59:11.329Z"}|0x34a8aaf3
15:59:11.1 (28503948)|STATEMENT_EXECUTE|[21]
15:59:11.1 (28526986)|HEAP_ALLOCATE|[21]|Bytes:8
15:59:11.1 (28544793)|DML_BEGIN|[21]|Op:Insert|Type:Session__c|Rows:1
15:59:11.1 (28581109)|HEAP_ALLOCATE|[EXTERNAL]|Bytes:8
15:59:11.1 (38941042)|DML_END|[21]
15:59:11.1 (38959642)|STATEMENT_EXECUTE|[22]
15:59:11.1 (38989533)|HEAP_ALLOCATE|[22]|Bytes:4
15:59:11.1 (39013748)|HEAP_ALLOCATE|[22]|Bytes:9
15:59:11.1 (39049226)|VARIABLE_ASSIGNMENT|[22]|this.Name|"Session 2"|0x3981ba07
15:59:11.1 (39080108)|VARIABLE_ASSIGNMENT|[22]|this.Session_Date__c|"2018-05-12T13:59:11.329Z"|0x3981ba07
15:59:11.1 (39106395)|VARIABLE_SCOPE_BEGIN|[22]|session2|Session__c|true|false
15:59:11.1 (39129119)|VARIABLE_ASSIGNMENT|[22]|session2|{"Name":"Session 2","Session_Date__c":"2018-05-12T13:59:11.329Z"}|0x3981ba07
15:59:11.1 (39135924)|STATEMENT_EXECUTE|[23]
15:59:11.1 (39155593)|HEAP_ALLOCATE|[23]|Bytes:8
15:59:11.1 (39170455)|DML_BEGIN|[23]|Op:Insert|Type:Session__c|Rows:1
15:59:11.1 (39200604)|HEAP_ALLOCATE|[EXTERNAL]|Bytes:8
15:59:11.1 (45926524)|DML_END|[23]
15:59:11.1 (45938731)|STATEMENT_EXECUTE|[24]
15:59:11.1 (45978866)|HEAP_ALLOCATE|[25]|Bytes:4
15:59:11.1 (46109962)|VARIABLE_ASSIGNMENT|[25]|this.Session__c|"a031r00000TsmygAAB"|0x35d3f009
15:59:11.1 (46145658)|VARIABLE_ASSIGNMENT|[25]|this.Speaker__c|"a041r00000ZF2ybAAD"|0x35d3f009
15:59:11.1 (46165674)|VARIABLE_SCOPE_BEGIN|[24]|assignment1|Session_Speaker__c|true|false
15:59:11.1 (46181490)|VARIABLE_ASSIGNMENT|[24]|assignment1|{"Session__c":"a031r00000TsmygAAB","Speaker__c":"a041r00000ZF2ybAAD"}|0x35d3f009
15:59:11.1 (46188296)|STATEMENT_EXECUTE|[26]
15:59:11.1 (46203994)|HEAP_ALLOCATE|[26]|Bytes:8
15:59:11.1 (46215804)|DML_BEGIN|[26]|Op:Insert|Type:Session_Speaker__c|Rows:1
15:59:11.1 (46238512)|HEAP_ALLOCATE|[EXTERNAL]|Bytes:8
15:59:11.1 (48763559)|CODE_UNIT_STARTED|[EXTERNAL]|01q1r000000CEjx|RejectDoubleBooking on Session_Speaker trigger event BeforeInsert
15:59:11.1 (48798265)|HEAP_ALLOCATE|[EXTERNAL]|Bytes:8
15:59:11.1 (48964619)|HEAP_ALLOCATE|[EXTERNAL]|Bytes:20
15:59:11.1 (48976443)|VARIABLE_SCOPE_BEGIN|[1]|this|RejectDoubleBooking|true|false
15:59:11.1 (49053749)|VARIABLE_ASSIGNMENT|[1]|this|{}|0x75d0c693
15:59:11.1 (49139737)|HEAP_ALLOCATE|[EXTERNAL]|Bytes:20
15:59:11.1 (49150410)|VARIABLE_SCOPE_BEGIN|[1]|this|RejectDoubleBooking|true|false
15:59:11.1 (49171398)|VARIABLE_ASSIGNMENT|[1]|this|{}|0x75d0c693
15:59:11.1 (49180406)|STATEMENT_EXECUTE|[1]
15:59:11.1 (49182683)|STATEMENT_EXECUTE|[3]
15:59:11.1 (49196870)|HEAP_ALLOCATE|[3]|Bytes:4
15:59:11.1 (49319473)|HEAP_ALLOCATE|[EXTERNAL]|Bytes:4
15:59:11.1 (49332164)|VARIABLE_ASSIGNMENT|[3]|this.speakerIds|[]|0x75d0c693
15:59:11.1 (49338494)|STATEMENT_EXECUTE|[4]
15:59:11.1 (49368760)|HEAP_ALLOCATE|[4]|Bytes:4
15:59:11.1 (49403138)|VARIABLE_ASSIGNMENT|[4]|this.requested_bookings|{}|0x75d0c693
15:59:11.1 (77473831)|HEAP_ALLOCATE|[7]|Bytes:5
15:59:11.1 (77513589)|HEAP_ALLOCATE|[7]|Bytes:4
15:59:11.1 (77524181)|VARIABLE_SCOPE_BEGIN|[7]|newItem|Session_Speaker__c|true|false
15:59:11.1 (77705729)|VARIABLE_ASSIGNMENT|[7]|newItem|{"Session__c":"a031r00000TsmygAAB","IsDeleted":false,"Speaker__c":"a041r00000ZF2ybAAD"}|0x2bf4661e
15:59:11.1 (77715764)|STATEMENT_EXECUTE|[7]
15:59:11.1 (77717899)|STATEMENT_EXECUTE|[8]
15:59:11.1 (77782470)|HEAP_ALLOCATE|[EXTERNAL]|Bytes:-4
15:59:11.1 (77792571)|STATEMENT_EXECUTE|[9]
15:59:11.1 (77831421)|HEAP_ALLOCATE|[EXTERNAL]|Bytes:4
15:59:11.1 (77848860)|HEAP_ALLOCATE|[7]|Bytes:5
15:59:11.1 (77861729)|VARIABLE_ASSIGNMENT|[7]|newItem|null|
15:59:11.1 (77868814)|STATEMENT_EXECUTE|[12]
15:59:11.1 (77873072)|HEAP_ALLOCATE|[12]|Bytes:62
15:59:11.1 (77888211)|HEAP_ALLOCATE|[12]|Bytes:4
15:59:11.1 (77898117)|HEAP_ALLOCATE|[12]|Bytes:7
15:59:11.1 (77940061)|HEAP_ALLOCATE|[12]|Bytes:26
15:59:11.1 (77978631)|HEAP_ALLOCATE|[12]|Bytes:8
15:59:11.1 (77987281)|HEAP_ALLOCATE|[12]|Bytes:8
15:59:11.1 (78189984)|SOQL_EXECUTE_BEGIN|[12]|Aggregations:0|SELECT ID, Session_Date__c FROM Session__c WHERE ID = :tmpVar1
15:59:11.1 (81073980)|SOQL_EXECUTE_END|[12]|Rows:1
15:59:11.1 (81096281)|HEAP_ALLOCATE|[12]|Bytes:8
15:59:11.1 (81115457)|HEAP_ALLOCATE|[12]|Bytes:52
15:59:11.1 (81144129)|HEAP_ALLOCATE|[12]|Bytes:8
15:59:11.1 (81186625)|VARIABLE_ASSIGNMENT|[12]|this.related_sessions|[{"Id":"a031r00000TsmygAAB","Session_Date__c":"2018-05-12T13:59:11.000Z"}]|0x75d0c693
15:59:11.1 (81300174)|HEAP_ALLOCATE|[13]|Bytes:5
15:59:11.1 (81318052)|HEAP_ALLOCATE|[13]|Bytes:12
15:59:11.1 (81326888)|VARIABLE_SCOPE_BEGIN|[13]|related_session|Session__c|true|false
15:59:11.1 (81347400)|VARIABLE_ASSIGNMENT|[13]|related_session|{"Id":"a031r00000TsmygAAB","Session_Date__c":"2018-05-12T13:59:11.000Z"}|0x7abbf936
15:59:11.1 (81355561)|STATEMENT_EXECUTE|[13]
15:59:11.1 (81357845)|STATEMENT_EXECUTE|[14]
15:59:11.1 (81439345)|HEAP_ALLOCATE|[13]|Bytes:5
15:59:11.1 (81453729)|VARIABLE_ASSIGNMENT|[13]|related_session|null|
15:59:11.1 (81459501)|STATEMENT_EXECUTE|[17]
15:59:11.1 (81463977)|HEAP_ALLOCATE|[17]|Bytes:114
15:59:11.1 (81476269)|HEAP_ALLOCATE|[17]|Bytes:4
15:59:11.1 (81754202)|SOQL_EXECUTE_BEGIN|[17]|Aggregations:0|SELECT ID, Speaker__c, Session__c, Session__r.Session_Date__c FROM Session_Speaker__c WHERE Speaker__c IN :tmpVar1
15:59:11.1 (84704852)|SOQL_EXECUTE_END|[17]|Rows:0
15:59:11.1 (84726770)|HEAP_ALLOCATE|[17]|Bytes:4
15:59:11.1 (84738966)|HEAP_ALLOCATE|[17]|Bytes:0
15:59:11.1 (84767379)|HEAP_ALLOCATE|[17]|Bytes:4
15:59:11.1 (84791485)|VARIABLE_ASSIGNMENT|[17]|this.related_speakers|[]|0x75d0c693
15:59:11.1 (84849944)|HEAP_ALLOCATE|[19]|Bytes:5
15:59:11.1 (84864962)|HEAP_ALLOCATE|[19]|Bytes:4
15:59:11.1 (84872787)|VARIABLE_SCOPE_BEGIN|[19]|requested_session_speaker|Session_Speaker__c|true|false
15:59:11.1 (84966685)|VARIABLE_ASSIGNMENT|[19]|requested_session_speaker|{"Session__c":"a031r00000TsmygAAB","IsDeleted":false,"Speaker__c":"a041r00000ZF2ybAAD"}|0x2bf4661e
15:59:11.1 (84975134)|STATEMENT_EXECUTE|[19]
15:59:11.1 (84977328)|STATEMENT_EXECUTE|[20]
15:59:11.1 (85026653)|VARIABLE_SCOPE_BEGIN|[20]|booking_time|Datetime|false|false
15:59:11.1 (85047633)|VARIABLE_ASSIGNMENT|[20]|booking_time|"2018-05-12T13:59:11.000Z"
15:59:11.1 (85078767)|HEAP_ALLOCATE|[21]|Bytes:5
15:59:11.1 (85091130)|VARIABLE_ASSIGNMENT|[21]|related_speaker|null|
15:59:11.1 (85096654)|STATEMENT_EXECUTE|[21]
15:59:11.1 (85103511)|HEAP_ALLOCATE|[19]|Bytes:5
15:59:11.1 (85111379)|VARIABLE_ASSIGNMENT|[19]|requested_session_speaker|null|
15:59:11.85 (85122798)|CUMULATIVE_LIMIT_USAGE
15:59:11.85 (85122798)|LIMIT_USAGE_FOR_NS|(default)|
  Number of SOQL queries: 2 out of 100
  Number of query rows: 1 out of 50000
  Number of SOSL queries: 0 out of 20
  Number of DML statements: 4 out of 150
  Number of DML rows: 4 out of 10000
  Maximum CPU time: 0 out of 10000
  Maximum heap size: 0 out of 6000000
  Number of callouts: 0 out of 100
  Number of Email Invocations: 0 out of 10
  Number of future calls: 0 out of 50
  Number of queueable jobs added to the queue: 0 out of 50
  Number of Mobile Apex push calls: 0 out of 10

15:59:11.85 (85122798)|CUMULATIVE_LIMIT_USAGE_END

15:59:11.1 (86337446)|CODE_UNIT_FINISHED|RejectDoubleBooking on Session_Speaker trigger event BeforeInsert
15:59:11.1 (102289841)|CODE_UNIT_STARTED|[EXTERNAL]|01q1r000000CEjs|SendConfirmationEmail on Session_Speaker trigger event AfterInsert
15:59:11.1 (102328766)|HEAP_ALLOCATE|[EXTERNAL]|Bytes:8
15:59:11.1 (102442155)|HEAP_ALLOCATE|[EXTERNAL]|Bytes:12
15:59:11.1 (102458264)|VARIABLE_SCOPE_BEGIN|[1]|this|SendConfirmationEmail|true|false
15:59:11.1 (102519792)|VARIABLE_ASSIGNMENT|[1]|this|{}|0x5dc92a90
15:59:11.1 (102584379)|HEAP_ALLOCATE|[EXTERNAL]|Bytes:12
15:59:11.1 (102730744)|VARIABLE_SCOPE_BEGIN|[1]|this|SendConfirmationEmail|true|false
15:59:11.1 (102752782)|VARIABLE_ASSIGNMENT|[1]|this|{}|0x5dc92a90
15:59:11.1 (102761208)|STATEMENT_EXECUTE|[1]
15:59:11.1 (102763507)|STATEMENT_EXECUTE|[3]
15:59:11.1 (102776212)|HEAP_ALLOCATE|[3]|Bytes:4
15:59:11.1 (102829222)|HEAP_ALLOCATE|[EXTERNAL]|Bytes:4
15:59:11.1 (102839710)|VARIABLE_ASSIGNMENT|[3]|this.sessionSpeakerIds|[]|0x5dc92a90
15:59:11.1 (102901106)|HEAP_ALLOCATE|[4]|Bytes:5
15:59:11.1 (102919738)|VARIABLE_SCOPE_BEGIN|[4]|newItem|Session_Speaker__c|true|false
15:59:11.1 (103047186)|VARIABLE_ASSIGNMENT|[4]|newItem|{"LastModifiedDate":"2018-05-12T13:59:11.000Z","Session__c":"a031r00000TsmygAAB","IsDeleted":false,"CreatedById":"0051r000007Pnq4AAC","CreatedDate":"2018-05-12T13:59:11.000Z","Speaker__c":"a041r00000ZF2ybAAD","Id":"a051r00000mxZqhAAE","LastModifiedById":"0051r000007Pnq4AAC","Name":"SESP-100005","SystemModstamp":"2018-05-12T13:59:11.000Z"}|0x368cc0ee
15:59:11.1 (103060659)|STATEMENT_EXECUTE|[4]
15:59:11.1 (103062653)|STATEMENT_EXECUTE|[5]
15:59:11.1 (103111547)|HEAP_ALLOCATE|[EXTERNAL]|Bytes:4
15:59:11.1 (103128453)|HEAP_ALLOCATE|[4]|Bytes:5
15:59:11.1 (103140375)|VARIABLE_ASSIGNMENT|[4]|newItem|null|
15:59:11.1 (103146314)|STATEMENT_EXECUTE|[8]
15:59:11.1 (103150731)|HEAP_ALLOCATE|[9]|Bytes:167
15:59:11.1 (103164275)|HEAP_ALLOCATE|[9]|Bytes:4
15:59:11.1 (103532416)|SOQL_EXECUTE_BEGIN|[9]|Aggregations:0|SELECT Session__r.Name, Session__r.Session_Date__c, Speaker__r.First_Name__c, Speaker__r.Last_Name__c, Speaker__r.Email__c FROM Session_Speaker__c WHERE Id IN :tmpVar1
15:59:11.1 (111719047)|SOQL_EXECUTE_END|[9]|Rows:1
15:59:11.1 (111746131)|HEAP_ALLOCATE|[9]|Bytes:8
15:59:11.1 (111773231)|HEAP_ALLOCATE|[9]|Bytes:259
15:59:11.1 (111813429)|HEAP_ALLOCATE|[9]|Bytes:8
15:59:11.1 (111876344)|VARIABLE_ASSIGNMENT|[8]|this.sessionSpeakers|[{"Session__c":"a031r00000TsmygAAB","Speaker__c":"a041r00000ZF2ybAAD","Id":"a051r00000mxZqhAAE","Session__r":{"Id":"a031r00000TsmygAAB","Name":"Session 1","Session_Date__c":"2018-05-12T13:59:11.000Z"},"Speaker__r":{"Id":"a041r00000ZF2ybAAD","First_Name__c":"John","Last_Name__c":"Smith"}}]|0x5dc92a90
15:59:11.1 (111929140)|STATEMENT_EXECUTE|[15]
15:59:11.1 (111932332)|STATEMENT_EXECUTE|[17]
15:59:11.1 (111947383)|HEAP_ALLOCATE|[17]|Bytes:24
15:59:11.1 (111956389)|VARIABLE_SCOPE_BEGIN|[17]|sessionSpeaker|Session_Speaker__c|true|false
15:59:11.1 (111981236)|VARIABLE_ASSIGNMENT|[17]|sessionSpeaker|{"Session__c":"a031r00000TsmygAAB","Speaker__c":"a041r00000ZF2ybAAD","Id":"a051r00000mxZqhAAE","Session__r":{"Id":"a031r00000TsmygAAB","Name":"Session 1","Session_Date__c":"2018-05-12T13:59:11.000Z"},"Speaker__r":{"Id":"a041r00000ZF2ybAAD","First_Name__c":"John","Last_Name__c":"Smith"}}|0x67980a4d
15:59:11.1 (112035072)|STATEMENT_EXECUTE|[18]
15:59:11.112 (112047674)|CUMULATIVE_LIMIT_USAGE
15:59:11.112 (112047674)|LIMIT_USAGE_FOR_NS|(default)|
  Number of SOQL queries: 3 out of 100
  Number of query rows: 2 out of 50000
  Number of SOSL queries: 0 out of 20
  Number of DML statements: 4 out of 150
  Number of DML rows: 4 out of 10000
  Maximum CPU time: 0 out of 10000
  Maximum heap size: 0 out of 6000000
  Number of callouts: 0 out of 100
  Number of Email Invocations: 0 out of 10
  Number of future calls: 0 out of 50
  Number of queueable jobs added to the queue: 0 out of 50
  Number of Mobile Apex push calls: 0 out of 10

15:59:11.112 (112047674)|CUMULATIVE_LIMIT_USAGE_END

15:59:11.1 (112947278)|CODE_UNIT_FINISHED|SendConfirmationEmail on Session_Speaker trigger event AfterInsert
15:59:11.1 (113917923)|DML_END|[26]
15:59:11.1 (113936039)|STATEMENT_EXECUTE|[27]
15:59:11.1 (113961667)|HEAP_ALLOCATE|[28]|Bytes:4
15:59:11.1 (114018354)|VARIABLE_ASSIGNMENT|[28]|this.Session__c|"a031r00000TsmyhAAB"|0x708a1252
15:59:11.1 (114043067)|VARIABLE_ASSIGNMENT|[28]|this.Speaker__c|"a041r00000ZF2ybAAD"|0x708a1252
15:59:11.1 (114073761)|VARIABLE_SCOPE_BEGIN|[27]|assignment2|Session_Speaker__c|true|false
15:59:11.1 (114091228)|VARIABLE_ASSIGNMENT|[27]|assignment2|{"Session__c":"a031r00000TsmyhAAB","Speaker__c":"a041r00000ZF2ybAAD"}|0x708a1252
15:59:11.1 (114097677)|STATEMENT_EXECUTE|[29]
15:59:11.1 (114137298)|HEAP_ALLOCATE|[29]|Bytes:8
15:59:11.1 (114154336)|DML_BEGIN|[29]|Op:Insert|Type:Session_Speaker__c|Rows:1
15:59:11.1 (114187063)|HEAP_ALLOCATE|[EXTERNAL]|Bytes:8
15:59:11.1 (116305576)|CODE_UNIT_STARTED|[EXTERNAL]|01q1r000000CEjx|RejectDoubleBooking on Session_Speaker trigger event BeforeInsert
15:59:11.1 (116339413)|HEAP_ALLOCATE|[EXTERNAL]|Bytes:8
15:59:11.1 (116385415)|HEAP_ALLOCATE|[EXTERNAL]|Bytes:20
15:59:11.1 (116394762)|VARIABLE_SCOPE_BEGIN|[1]|this|RejectDoubleBooking|true|false
15:59:11.1 (116432915)|VARIABLE_ASSIGNMENT|[1]|this|{}|0x7f2a9768
15:59:11.1 (116477637)|HEAP_ALLOCATE|[EXTERNAL]|Bytes:20
15:59:11.1 (116485483)|VARIABLE_SCOPE_BEGIN|[1]|this|RejectDoubleBooking|true|false
15:59:11.1 (116502561)|VARIABLE_ASSIGNMENT|[1]|this|{}|0x7f2a9768
15:59:11.1 (116511494)|STATEMENT_EXECUTE|[1]
15:59:11.1 (116513780)|STATEMENT_EXECUTE|[3]
15:59:11.1 (116527222)|HEAP_ALLOCATE|[3]|Bytes:4
15:59:11.1 (116566548)|HEAP_ALLOCATE|[EXTERNAL]|Bytes:4
15:59:11.1 (116576720)|VARIABLE_ASSIGNMENT|[3]|this.speakerIds|[]|0x7f2a9768
15:59:11.1 (116582914)|STATEMENT_EXECUTE|[4]
15:59:11.1 (116595233)|HEAP_ALLOCATE|[4]|Bytes:4
15:59:11.1 (116613461)|VARIABLE_ASSIGNMENT|[4]|this.requested_bookings|{}|0x7f2a9768
15:59:11.1 (116666810)|HEAP_ALLOCATE|[7]|Bytes:5
15:59:11.1 (116685025)|HEAP_ALLOCATE|[7]|Bytes:4
15:59:11.1 (116692863)|VARIABLE_SCOPE_BEGIN|[7]|newItem|Session_Speaker__c|true|false
15:59:11.1 (116805926)|VARIABLE_ASSIGNMENT|[7]|newItem|{"Session__c":"a031r00000TsmyhAAB","IsDeleted":false,"Speaker__c":"a041r00000ZF2ybAAD"}|0x4de281c2
15:59:11.1 (116815005)|STATEMENT_EXECUTE|[7]
15:59:11.1 (116817136)|STATEMENT_EXECUTE|[8]
15:59:11.1 (116840287)|HEAP_ALLOCATE|[EXTERNAL]|Bytes:-4
15:59:11.1 (116847955)|STATEMENT_EXECUTE|[9]
15:59:11.1 (116859732)|HEAP_ALLOCATE|[EXTERNAL]|Bytes:4
15:59:11.1 (116872794)|HEAP_ALLOCATE|[7]|Bytes:5
15:59:11.1 (116883414)|VARIABLE_ASSIGNMENT|[7]|newItem|null|
15:59:11.1 (116890009)|STATEMENT_EXECUTE|[12]
15:59:11.1 (116901151)|HEAP_ALLOCATE|[12]|Bytes:4
15:59:11.1 (116928979)|HEAP_ALLOCATE|[12]|Bytes:26
15:59:11.1 (116956931)|HEAP_ALLOCATE|[12]|Bytes:8
15:59:11.1 (116965178)|HEAP_ALLOCATE|[12]|Bytes:8
15:59:11.1 (117123991)|SOQL_EXECUTE_BEGIN|[12]|Aggregations:0|SELECT ID, Session_Date__c FROM Session__c WHERE ID = :tmpVar1
15:59:11.1 (118815331)|SOQL_EXECUTE_END|[12]|Rows:1
15:59:11.1 (118835628)|HEAP_ALLOCATE|[12]|Bytes:8
15:59:11.1 (118851019)|HEAP_ALLOCATE|[12]|Bytes:52
15:59:11.1 (118878856)|HEAP_ALLOCATE|[12]|Bytes:8
15:59:11.1 (118913762)|VARIABLE_ASSIGNMENT|[12]|this.related_sessions|[{"Id":"a031r00000TsmyhAAB","Session_Date__c":"2018-05-12T13:59:11.000Z"}]|0x7f2a9768
15:59:11.1 (118945560)|HEAP_ALLOCATE|[13]|Bytes:5
15:59:11.1 (118958885)|HEAP_ALLOCATE|[13]|Bytes:12
15:59:11.1 (118967198)|VARIABLE_SCOPE_BEGIN|[13]|related_session|Session__c|true|false
15:59:11.1 (118985648)|VARIABLE_ASSIGNMENT|[13]|related_session|{"Id":"a031r00000TsmyhAAB","Session_Date__c":"2018-05-12T13:59:11.000Z"}|0x288a183a
15:59:11.1 (118992983)|STATEMENT_EXECUTE|[13]
15:59:11.1 (118995137)|STATEMENT_EXECUTE|[14]
15:59:11.1 (119028788)|HEAP_ALLOCATE|[13]|Bytes:5
15:59:11.1 (119040444)|VARIABLE_ASSIGNMENT|[13]|related_session|null|
15:59:11.1 (119046527)|STATEMENT_EXECUTE|[17]
15:59:11.1 (119056514)|HEAP_ALLOCATE|[17]|Bytes:4
15:59:11.1 (119306724)|SOQL_EXECUTE_BEGIN|[17]|Aggregations:0|SELECT ID, Speaker__c, Session__c, Session__r.Session_Date__c FROM Session_Speaker__c WHERE Speaker__c IN :tmpVar1
15:59:11.1 (124129001)|SOQL_EXECUTE_END|[17]|Rows:1
15:59:11.1 (124150206)|HEAP_ALLOCATE|[17]|Bytes:8
15:59:11.1 (124168436)|HEAP_ALLOCATE|[17]|Bytes:158
15:59:11.1 (124197673)|HEAP_ALLOCATE|[17]|Bytes:8
15:59:11.1 (124232333)|VARIABLE_ASSIGNMENT|[17]|this.related_speakers|[{"Id":"a051r00000mxZqhAAE","Speaker__c":"a041r00000ZF2ybAAD","Session__c":"a031r00000TsmygAAB","Session__r":{"Id":"a031r00000TsmygAAB","Session_Date__c":"2018-05-12T13:59:11.000Z"}}]|0x7f2a9768
15:59:11.1 (124281064)|HEAP_ALLOCATE|[19]|Bytes:5
15:59:11.1 (124295144)|HEAP_ALLOCATE|[19]|Bytes:4
15:59:11.1 (124303366)|VARIABLE_SCOPE_BEGIN|[19]|requested_session_speaker|Session_Speaker__c|true|false
15:59:11.1 (124398479)|VARIABLE_ASSIGNMENT|[19]|requested_session_speaker|{"Session__c":"a031r00000TsmyhAAB","IsDeleted":false,"Speaker__c":"a041r00000ZF2ybAAD"}|0x4de281c2
15:59:11.1 (124407576)|STATEMENT_EXECUTE|[19]
15:59:11.1 (124409801)|STATEMENT_EXECUTE|[20]
15:59:11.1 (124448089)|VARIABLE_SCOPE_BEGIN|[20]|booking_time|Datetime|false|false
15:59:11.1 (124467490)|VARIABLE_ASSIGNMENT|[20]|booking_time|"2018-05-12T13:59:11.000Z"
15:59:11.1 (124490390)|HEAP_ALLOCATE|[21]|Bytes:5
15:59:11.1 (124505002)|HEAP_ALLOCATE|[21]|Bytes:20
15:59:11.1 (124512054)|VARIABLE_SCOPE_BEGIN|[21]|related_speaker|Session_Speaker__c|true|false
15:59:11.1 (124531965)|VARIABLE_ASSIGNMENT|[21]|related_speaker|{"Id":"a051r00000mxZqhAAE","Speaker__c":"a041r00000ZF2ybAAD","Session__c":"a031r00000TsmygAAB","Session__r":{"Id":"a031r00000TsmygAAB","Session_Date__c":"2018-05-12T13:59:11.000Z"}}|0x23e11eb5
15:59:11.1 (124539962)|STATEMENT_EXECUTE|[21]
15:59:11.1 (124680350)|STATEMENT_EXECUTE|[23]
15:59:11.1 (124683558)|STATEMENT_EXECUTE|[24]
15:59:11.1 (124688410)|HEAP_ALLOCATE|[24]|Bytes:42
15:59:11.1 (124763812)|VF_PAGE_MESSAGE|The speaker is already booked at that time
15:59:11.1 (124785126)|HEAP_ALLOCATE|[21]|Bytes:5
15:59:11.1 (124797741)|VARIABLE_ASSIGNMENT|[21]|related_speaker|null|
15:59:11.1 (124807446)|HEAP_ALLOCATE|[19]|Bytes:5
15:59:11.1 (124815653)|VARIABLE_ASSIGNMENT|[19]|requested_session_speaker|null|
15:59:11.124 (124825095)|CUMULATIVE_LIMIT_USAGE
15:59:11.124 (124825095)|LIMIT_USAGE_FOR_NS|(default)|
  Number of SOQL queries: 5 out of 100
  Number of query rows: 4 out of 50000
  Number of SOSL queries: 0 out of 20
  Number of DML statements: 5 out of 150
  Number of DML rows: 5 out of 10000
  Maximum CPU time: 0 out of 10000
  Maximum heap size: 0 out of 6000000
  Number of callouts: 0 out of 100
  Number of Email Invocations: 0 out of 10
  Number of future calls: 0 out of 50
  Number of queueable jobs added to the queue: 0 out of 50
  Number of Mobile Apex push calls: 0 out of 10

15:59:11.124 (124825095)|CUMULATIVE_LIMIT_USAGE_END

15:59:11.1 (125720441)|CODE_UNIT_FINISHED|RejectDoubleBooking on Session_Speaker trigger event BeforeInsert
15:59:11.1 (126627954)|DML_END|[29]
15:59:11.1 (126692330)|HEAP_ALLOCATE|[29]|Bytes:4
15:59:11.1 (126721840)|VARIABLE_SCOPE_BEGIN|[29]|result|Database.SaveResult|true|false
15:59:11.1 (126757926)|VARIABLE_ASSIGNMENT|[29]|result|{"success":false,"errors":[{"status":"FIELD_CUSTOM_VALIDAT (13 more) ...","message":"The speaker is alrea (22 more) ..."}]}|0x367f7bdf
15:59:11.1 (126765424)|STATEMENT_EXECUTE|[30]
15:59:11.126 (126962411)|CUMULATIVE_LIMIT_USAGE
15:59:11.126 (126962411)|LIMIT_USAGE_FOR_NS|(default)|
  Number of SOQL queries: 3 out of 100
  Number of query rows: 2 out of 50000
  Number of SOSL queries: 0 out of 20
  Number of DML statements: 5 out of 150
  Number of DML rows: 5 out of 10000
  Maximum CPU time: 0 out of 10000
  Maximum heap size: 0 out of 6000000
  Number of callouts: 0 out of 100
  Number of Email Invocations: 0 out of 10
  Number of future calls: 0 out of 50
  Number of queueable jobs added to the queue: 0 out of 50
  Number of Mobile Apex push calls: 0 out of 10

15:59:11.126 (126962411)|CUMULATIVE_LIMIT_USAGE_END

15:59:11.1 (126986193)|CODE_UNIT_FINISHED|TestRejectDoubleBooking.TestDoubleBooking
15:59:11.1 (127679794)|EXECUTION_FINISHED
15:59:11.143 (143123461)|USER_INFO|[EXTERNAL]|0051r000007Pnq4|maxxpower992@resourceful-goat-209670.com|Ora standard dell’Europa centrale|GMT+02:00
15:59:11.143 (143141706)|EXECUTION_STARTED
15:59:11.143 (143145890)|CODE_UNIT_STARTED|[EXTERNAL]|01p1r00000Crmgs|TestRejectDoubleBooking.TestSingleBooking
15:59:11.143 (143265629)|HEAP_ALLOCATE|[72]|Bytes:3
15:59:11.143 (143297092)|HEAP_ALLOCATE|[77]|Bytes:152
15:59:11.143 (143313473)|HEAP_ALLOCATE|[342]|Bytes:408
15:59:11.143 (143329407)|HEAP_ALLOCATE|[355]|Bytes:408
15:59:11.143 (143341629)|HEAP_ALLOCATE|[467]|Bytes:48
15:59:11.143 (143373737)|HEAP_ALLOCATE|[139]|Bytes:6
15:59:11.143 (143388322)|HEAP_ALLOCATE|[EXTERNAL]|Bytes:63
15:59:11.143 (143399997)|METHOD_ENTRY|[2]|01p1r00000Crmgs|TestRejectDoubleBooking.TestRejectDoubleBooking()
15:59:11.143 (143405820)|STATEMENT_EXECUTE|[2]
15:59:11.143 (143410352)|STATEMENT_EXECUTE|[2]
15:59:11.143 (143414691)|METHOD_EXIT|[2]|TestRejectDoubleBooking
15:59:11.143 (143533998)|HEAP_ALLOCATE|[50]|Bytes:5
15:59:11.143 (143556081)|HEAP_ALLOCATE|[56]|Bytes:5
15:59:11.143 (143563953)|HEAP_ALLOCATE|[64]|Bytes:7
15:59:11.143 (143594484)|STATEMENT_EXECUTE|[4]
15:59:11.143 (143597227)|STATEMENT_EXECUTE|[5]
15:59:11.143 (143622467)|HEAP_ALLOCATE|[5]|Bytes:56
15:59:11.143 (143640322)|VARIABLE_SCOPE_BEGIN|[5]|now|Datetime|false|false
15:59:11.143 (143668636)|VARIABLE_ASSIGNMENT|[5]|now|"2018-05-12T13:59:11.471Z"
15:59:11.143 (143675039)|STATEMENT_EXECUTE|[6]
15:59:11.143 (143707506)|HEAP_ALLOCATE|[6]|Bytes:4
15:59:11.143 (143720674)|HEAP_ALLOCATE|[6]|Bytes:4
15:59:11.143 (143756871)|VARIABLE_ASSIGNMENT|[6]|this.First_Name__c|"John"|0x7d740b
15:59:11.143 (143764741)|HEAP_ALLOCATE|[6]|Bytes:5
15:59:11.143 (143779456)|VARIABLE_ASSIGNMENT|[6]|this.Last_Name__c|"Smith"|0x7d740b
15:59:11.143 (143802472)|VARIABLE_SCOPE_BEGIN|[6]|speaker|Speaker__c|true|false
15:59:11.143 (143819428)|VARIABLE_ASSIGNMENT|[6]|speaker|{"First_Name__c":"John","Last_Name__c":"Smith"}|0x7d740b
15:59:11.143 (143825411)|STATEMENT_EXECUTE|[7]
15:59:11.143 (143844072)|HEAP_ALLOCATE|[7]|Bytes:8
15:59:11.143 (143859777)|DML_BEGIN|[7]|Op:Insert|Type:Speaker__c|Rows:1
15:59:11.143 (143885380)|HEAP_ALLOCATE|[EXTERNAL]|Bytes:8
15:59:11.143 (152673916)|DML_END|[7]
15:59:11.143 (152693390)|STATEMENT_EXECUTE|[8]
15:59:11.143 (152725019)|HEAP_ALLOCATE|[8]|Bytes:4
15:59:11.143 (152750275)|HEAP_ALLOCATE|[8]|Bytes:12
15:59:11.143 (152792294)|VARIABLE_ASSIGNMENT|[8]|this.Name|"Some Session"|0x30aad247
15:59:11.143 (152836147)|VARIABLE_ASSIGNMENT|[8]|this.Session_Date__c|"2018-05-12T13:59:11.471Z"|0x30aad247
15:59:11.143 (152877164)|VARIABLE_SCOPE_BEGIN|[8]|session|Session__c|true|false
15:59:11.143 (152907431)|VARIABLE_ASSIGNMENT|[8]|session|{"Name":"Some Session","Session_Date__c":"2018-05-12T13:59:11.471Z"}|0x30aad247
15:59:11.143 (152918085)|STATEMENT_EXECUTE|[9]
15:59:11.143 (152940406)|HEAP_ALLOCATE|[9]|Bytes:8
15:59:11.143 (152955924)|DML_BEGIN|[9]|Op:Insert|Type:Session__c|Rows:1
15:59:11.143 (152987881)|HEAP_ALLOCATE|[EXTERNAL]|Bytes:8
15:59:11.143 (160509359)|DML_END|[9]
15:59:11.143 (160526784)|STATEMENT_EXECUTE|[10]
15:59:11.143 (160560901)|HEAP_ALLOCATE|[11]|Bytes:4
15:59:11.143 (160634327)|VARIABLE_ASSIGNMENT|[11]|this.Session__c|"a031r00000TsmyiAAB"|0x3415e1eb
15:59:11.143 (160674576)|VARIABLE_ASSIGNMENT|[11]|this.Speaker__c|"a041r00000ZF2ycAAD"|0x3415e1eb
15:59:11.143 (160703226)|VARIABLE_SCOPE_BEGIN|[10]|assignment|Session_Speaker__c|true|false
15:59:11.143 (160728895)|VARIABLE_ASSIGNMENT|[10]|assignment|{"Session__c":"a031r00000TsmyiAAB","Speaker__c":"a041r00000ZF2ycAAD"}|0x3415e1eb
15:59:11.143 (160739361)|STATEMENT_EXECUTE|[12]
15:59:11.143 (160779803)|HEAP_ALLOCATE|[12]|Bytes:8
15:59:11.143 (160797763)|DML_BEGIN|[12]|Op:Insert|Type:Session_Speaker__c|Rows:1
15:59:11.143 (160833543)|HEAP_ALLOCATE|[EXTERNAL]|Bytes:8
15:59:11.143 (163236767)|CODE_UNIT_STARTED|[EXTERNAL]|01q1r000000CEjx|RejectDoubleBooking on Session_Speaker trigger event BeforeInsert
15:59:11.143 (163282620)|HEAP_ALLOCATE|[EXTERNAL]|Bytes:8
15:59:11.143 (163343990)|HEAP_ALLOCATE|[EXTERNAL]|Bytes:20
15:59:11.143 (163355896)|VARIABLE_SCOPE_BEGIN|[1]|this|RejectDoubleBooking|true|false
15:59:11.143 (163431047)|VARIABLE_ASSIGNMENT|[1]|this|{}|0x7384024
15:59:11.143 (163475308)|HEAP_ALLOCATE|[EXTERNAL]|Bytes:20
15:59:11.143 (163485259)|VARIABLE_SCOPE_BEGIN|[1]|this|RejectDoubleBooking|true|false
15:59:11.143 (163504113)|VARIABLE_ASSIGNMENT|[1]|this|{}|0x7384024
15:59:11.143 (163512131)|STATEMENT_EXECUTE|[1]
15:59:11.143 (163514519)|STATEMENT_EXECUTE|[3]
15:59:11.143 (163538659)|HEAP_ALLOCATE|[3]|Bytes:4
15:59:11.143 (163598384)|HEAP_ALLOCATE|[EXTERNAL]|Bytes:4
15:59:11.143 (163611150)|VARIABLE_ASSIGNMENT|[3]|this.speakerIds|[]|0x7384024
15:59:11.143 (163617787)|STATEMENT_EXECUTE|[4]
15:59:11.143 (163642202)|HEAP_ALLOCATE|[4]|Bytes:4
15:59:11.143 (163665300)|VARIABLE_ASSIGNMENT|[4]|this.requested_bookings|{}|0x7384024
15:59:11.143 (163741077)|HEAP_ALLOCATE|[7]|Bytes:5
15:59:11.143 (163760802)|HEAP_ALLOCATE|[7]|Bytes:4
15:59:11.143 (163769567)|VARIABLE_SCOPE_BEGIN|[7]|newItem|Session_Speaker__c|true|false
15:59:11.143 (163896980)|VARIABLE_ASSIGNMENT|[7]|newItem|{"Session__c":"a031r00000TsmyiAAB","IsDeleted":false,"Speaker__c":"a041r00000ZF2ycAAD"}|0x6e9970f5
15:59:11.143 (163906030)|STATEMENT_EXECUTE|[7]
15:59:11.143 (163907956)|STATEMENT_EXECUTE|[8]
15:59:11.143 (163937453)|HEAP_ALLOCATE|[EXTERNAL]|Bytes:-4
15:59:11.143 (163945291)|STATEMENT_EXECUTE|[9]
15:59:11.143 (163960000)|HEAP_ALLOCATE|[EXTERNAL]|Bytes:4
15:59:11.143 (163973833)|HEAP_ALLOCATE|[7]|Bytes:5
15:59:11.143 (163985334)|VARIABLE_ASSIGNMENT|[7]|newItem|null|
15:59:11.143 (163991023)|STATEMENT_EXECUTE|[12]
15:59:11.143 (163994822)|HEAP_ALLOCATE|[12]|Bytes:62
15:59:11.143 (164008490)|HEAP_ALLOCATE|[12]|Bytes:4
15:59:11.143 (164018000)|HEAP_ALLOCATE|[12]|Bytes:7
15:59:11.143 (164047707)|HEAP_ALLOCATE|[12]|Bytes:26
15:59:11.143 (164082285)|HEAP_ALLOCATE|[12]|Bytes:8
15:59:11.143 (164091447)|HEAP_ALLOCATE|[12]|Bytes:8
15:59:11.143 (164285878)|SOQL_EXECUTE_BEGIN|[12]|Aggregations:0|SELECT ID, Session_Date__c FROM Session__c WHERE ID = :tmpVar1
15:59:11.143 (166529517)|SOQL_EXECUTE_END|[12]|Rows:1
15:59:11.143 (166560143)|HEAP_ALLOCATE|[12]|Bytes:8
15:59:11.143 (166584353)|HEAP_ALLOCATE|[12]|Bytes:52
15:59:11.143 (166626239)|HEAP_ALLOCATE|[12]|Bytes:8
15:59:11.143 (166682303)|VARIABLE_ASSIGNMENT|[12]|this.related_sessions|[{"Id":"a031r00000TsmyiAAB","Session_Date__c":"2018-05-12T13:59:11.000Z"}]|0x7384024
15:59:11.143 (166737494)|HEAP_ALLOCATE|[13]|Bytes:5
15:59:11.143 (166758520)|HEAP_ALLOCATE|[13]|Bytes:12
15:59:11.143 (166772256)|VARIABLE_SCOPE_BEGIN|[13]|related_session|Session__c|true|false
15:59:11.143 (166800822)|VARIABLE_ASSIGNMENT|[13]|related_session|{"Id":"a031r00000TsmyiAAB","Session_Date__c":"2018-05-12T13:59:11.000Z"}|0x64010f53
15:59:11.143 (166812577)|STATEMENT_EXECUTE|[13]
15:59:11.143 (166815684)|STATEMENT_EXECUTE|[14]
15:59:11.143 (166870144)|HEAP_ALLOCATE|[13]|Bytes:5
15:59:11.143 (166887867)|VARIABLE_ASSIGNMENT|[13]|related_session|null|
15:59:11.143 (166895619)|STATEMENT_EXECUTE|[17]
15:59:11.143 (166901022)|HEAP_ALLOCATE|[17]|Bytes:114
15:59:11.143 (166918452)|HEAP_ALLOCATE|[17]|Bytes:4
15:59:11.143 (167338157)|SOQL_EXECUTE_BEGIN|[17]|Aggregations:0|SELECT ID, Speaker__c, Session__c, Session__r.Session_Date__c FROM Session_Speaker__c WHERE Speaker__c IN :tmpVar1
15:59:11.143 (169698792)|SOQL_EXECUTE_END|[17]|Rows:0
15:59:11.143 (169727219)|HEAP_ALLOCATE|[17]|Bytes:4
15:59:11.143 (169743343)|HEAP_ALLOCATE|[17]|Bytes:0
15:59:11.143 (169778572)|HEAP_ALLOCATE|[17]|Bytes:4
15:59:11.143 (169808160)|VARIABLE_ASSIGNMENT|[17]|this.related_speakers|[]|0x7384024
15:59:11.143 (169870396)|HEAP_ALLOCATE|[19]|Bytes:5
15:59:11.143 (169893311)|HEAP_ALLOCATE|[19]|Bytes:4
15:59:11.143 (169906006)|VARIABLE_SCOPE_BEGIN|[19]|requested_session_speaker|Session_Speaker__c|true|false
15:59:11.143 (170056484)|VARIABLE_ASSIGNMENT|[19]|requested_session_speaker|{"Session__c":"a031r00000TsmyiAAB","IsDeleted":false,"Speaker__c":"a041r00000ZF2ycAAD"}|0x6e9970f5
15:59:11.143 (170071369)|STATEMENT_EXECUTE|[19]
15:59:11.143 (170074502)|STATEMENT_EXECUTE|[20]
15:59:11.143 (170123796)|VARIABLE_SCOPE_BEGIN|[20]|booking_time|Datetime|false|false
15:59:11.143 (170156107)|VARIABLE_ASSIGNMENT|[20]|booking_time|"2018-05-12T13:59:11.000Z"
15:59:11.143 (170193710)|HEAP_ALLOCATE|[21]|Bytes:5
15:59:11.143 (170214206)|VARIABLE_ASSIGNMENT|[21]|related_speaker|null|
15:59:11.143 (170223602)|STATEMENT_EXECUTE|[21]
15:59:11.143 (170235555)|HEAP_ALLOCATE|[19]|Bytes:5
15:59:11.143 (170251778)|VARIABLE_ASSIGNMENT|[19]|requested_session_speaker|null|
15:59:11.170 (170268053)|CUMULATIVE_LIMIT_USAGE
15:59:11.170 (170268053)|LIMIT_USAGE_FOR_NS|(default)|
  Number of SOQL queries: 2 out of 100
  Number of query rows: 1 out of 50000
  Number of SOSL queries: 0 out of 20
  Number of DML statements: 3 out of 150
  Number of DML rows: 3 out of 10000
  Maximum CPU time: 0 out of 10000
  Maximum heap size: 0 out of 6000000
  Number of callouts: 0 out of 100
  Number of Email Invocations: 0 out of 10
  Number of future calls: 0 out of 50
  Number of queueable jobs added to the queue: 0 out of 50
  Number of Mobile Apex push calls: 0 out of 10

15:59:11.170 (170268053)|CUMULATIVE_LIMIT_USAGE_END

15:59:11.143 (171446543)|CODE_UNIT_FINISHED|RejectDoubleBooking on Session_Speaker trigger event BeforeInsert
15:59:11.143 (183453236)|CODE_UNIT_STARTED|[EXTERNAL]|01q1r000000CEjs|SendConfirmationEmail on Session_Speaker trigger event AfterInsert
15:59:11.143 (183510060)|HEAP_ALLOCATE|[EXTERNAL]|Bytes:8
15:59:11.143 (183604208)|HEAP_ALLOCATE|[EXTERNAL]|Bytes:12
15:59:11.143 (183615086)|VARIABLE_SCOPE_BEGIN|[1]|this|SendConfirmationEmail|true|false
15:59:11.143 (183659364)|VARIABLE_ASSIGNMENT|[1]|this|{}|0x680a280d
15:59:11.143 (183697591)|HEAP_ALLOCATE|[EXTERNAL]|Bytes:12
15:59:11.143 (183706354)|VARIABLE_SCOPE_BEGIN|[1]|this|SendConfirmationEmail|true|false
15:59:11.143 (183730710)|VARIABLE_ASSIGNMENT|[1]|this|{}|0x680a280d
15:59:11.143 (183742702)|STATEMENT_EXECUTE|[1]
15:59:11.143 (183745965)|STATEMENT_EXECUTE|[3]
15:59:11.143 (183765526)|HEAP_ALLOCATE|[3]|Bytes:4
15:59:11.143 (183827270)|HEAP_ALLOCATE|[EXTERNAL]|Bytes:4
15:59:11.143 (183841036)|VARIABLE_ASSIGNMENT|[3]|this.sessionSpeakerIds|[]|0x680a280d
15:59:11.143 (183916314)|HEAP_ALLOCATE|[4]|Bytes:5
15:59:11.143 (183943698)|VARIABLE_SCOPE_BEGIN|[4]|newItem|Session_Speaker__c|true|false
15:59:11.143 (184133646)|VARIABLE_ASSIGNMENT|[4]|newItem|{"LastModifiedDate":"2018-05-12T13:59:11.000Z","Session__c":"a031r00000TsmyiAAB","IsDeleted":false,"CreatedById":"0051r000007Pnq4AAC","CreatedDate":"2018-05-12T13:59:11.000Z","Speaker__c":"a041r00000ZF2ycAAD","Id":"a051r00000mxZqiAAE","LastModifiedById":"0051r000007Pnq4AAC","Name":"SESP-100005","SystemModstamp":"2018-05-12T13:59:11.000Z"}|0x3f3f22f2
15:59:11.143 (184153941)|STATEMENT_EXECUTE|[4]
15:59:11.143 (184156612)|STATEMENT_EXECUTE|[5]
15:59:11.143 (184191779)|HEAP_ALLOCATE|[EXTERNAL]|Bytes:4
15:59:11.143 (184211996)|HEAP_ALLOCATE|[4]|Bytes:5
15:59:11.143 (184227976)|VARIABLE_ASSIGNMENT|[4]|newItem|null|
15:59:11.143 (184235984)|STATEMENT_EXECUTE|[8]
15:59:11.143 (184241045)|HEAP_ALLOCATE|[9]|Bytes:167
15:59:11.143 (184261445)|HEAP_ALLOCATE|[9]|Bytes:4
15:59:11.143 (184788065)|SOQL_EXECUTE_BEGIN|[9]|Aggregations:0|SELECT Session__r.Name, Session__r.Session_Date__c, Speaker__r.First_Name__c, Speaker__r.Last_Name__c, Speaker__r.Email__c FROM Session_Speaker__c WHERE Id IN :tmpVar1
15:59:11.143 (191455437)|SOQL_EXECUTE_END|[9]|Rows:1
15:59:11.143 (191481393)|HEAP_ALLOCATE|[9]|Bytes:8
15:59:11.143 (191506797)|HEAP_ALLOCATE|[9]|Bytes:262
15:59:11.143 (191541764)|HEAP_ALLOCATE|[9]|Bytes:8
15:59:11.143 (191595389)|VARIABLE_ASSIGNMENT|[8]|this.sessionSpeakers|[{"Session__c":"a031r00000TsmyiAAB","Speaker__c":"a041r00000ZF2ycAAD","Id":"a051r00000mxZqiAAE","Session__r":{"Id":"a031r00000TsmyiAAB","Name":"Some Session","Session_Date__c":"2018-05-12T13:59:11.000Z"},"Speaker__r":{"Id":"a041r00000ZF2ycAAD","First_Name__c":"John","Last_Name__c":"Smith"}}]|0x680a280d
15:59:11.143 (191628856)|STATEMENT_EXECUTE|[15]
15:59:11.143 (191631754)|STATEMENT_EXECUTE|[17]
15:59:11.143 (191645216)|HEAP_ALLOCATE|[17]|Bytes:24
15:59:11.143 (191654051)|VARIABLE_SCOPE_BEGIN|[17]|sessionSpeaker|Session_Speaker__c|true|false
15:59:11.143 (191677061)|VARIABLE_ASSIGNMENT|[17]|sessionSpeaker|{"Session__c":"a031r00000TsmyiAAB","Speaker__c":"a041r00000ZF2ycAAD","Id":"a051r00000mxZqiAAE","Session__r":{"Id":"a031r00000TsmyiAAB","Name":"Some Session","Session_Date__c":"2018-05-12T13:59:11.000Z"},"Speaker__r":{"Id":"a041r00000ZF2ycAAD","First_Name__c":"John","Last_Name__c":"Smith"}}|0x43b3900f
15:59:11.143 (191705966)|STATEMENT_EXECUTE|[18]
15:59:11.191 (191716488)|CUMULATIVE_LIMIT_USAGE
15:59:11.191 (191716488)|LIMIT_USAGE_FOR_NS|(default)|
  Number of SOQL queries: 3 out of 100
  Number of query rows: 2 out of 50000
  Number of SOSL queries: 0 out of 20
  Number of DML statements: 3 out of 150
  Number of DML rows: 3 out of 10000
  Maximum CPU time: 0 out of 10000
  Maximum heap size: 0 out of 6000000
  Number of callouts: 0 out of 100
  Number of Email Invocations: 0 out of 10
  Number of future calls: 0 out of 50
  Number of queueable jobs added to the queue: 0 out of 50
  Number of Mobile Apex push calls: 0 out of 10

15:59:11.191 (191716488)|CUMULATIVE_LIMIT_USAGE_END

15:59:11.143 (192639480)|CODE_UNIT_FINISHED|SendConfirmationEmail on Session_Speaker trigger event AfterInsert
15:59:11.143 (193022246)|DML_END|[12]
15:59:11.143 (193050896)|HEAP_ALLOCATE|[12]|Bytes:4
15:59:11.143 (193069164)|VARIABLE_SCOPE_BEGIN|[12]|result|Database.SaveResult|true|false
15:59:11.143 (193096641)|VARIABLE_ASSIGNMENT|[12]|result|{"success":true,"id":"a051r00000mxZqiAAE"}|0x40b1410c
15:59:11.143 (193103778)|STATEMENT_EXECUTE|[13]
15:59:11.193 (193177503)|CUMULATIVE_LIMIT_USAGE
15:59:11.193 (193177503)|LIMIT_USAGE_FOR_NS|(default)|
  Number of SOQL queries: 3 out of 100
  Number of query rows: 2 out of 50000
  Number of SOSL queries: 0 out of 20
  Number of DML statements: 3 out of 150
  Number of DML rows: 3 out of 10000
  Maximum CPU time: 0 out of 10000
  Maximum heap size: 0 out of 6000000
  Number of callouts: 0 out of 100
  Number of Email Invocations: 0 out of 10
  Number of future calls: 0 out of 50
  Number of queueable jobs added to the queue: 0 out of 50
  Number of Mobile Apex push calls: 0 out of 10

15:59:11.193 (193177503)|CUMULATIVE_LIMIT_USAGE_END

15:59:11.143 (193199456)|CODE_UNIT_FINISHED|TestRejectDoubleBooking.TestSingleBooking
15:59:11.143 (193890499)|EXECUTION_FINISHED
