30.0 APEX_CODE,FINEST;APEX_PROFILING,INFO;CALLOUT,INFO;DB,INFO;SYSTEM,DEBUG;VALIDATION,INFO;VISUALFORCE,INFO;WAVE,INFO;WORKFLOW,INFO
Execute Anonymous: Session__c s = new Session__c(Name='Test',Session_Date__c=System.Now()); insert s; Speaker__c sp = new Speaker__c(First_Name__c='Go',Last_Name__c='Test'); insert sp; Session_Speaker__c ss = new Session_Speaker__c(Session__c=s.id,Speaker__c=sp.id); insert ss; Session__c s2 = s.clone(); insert s2;  Session_Speaker__c ss2 = new Session_Speaker__c(Session__c=s2.id,Speaker__c=sp.id); insert ss2; delete ss2; delete s2; delete ss; delete sp; delete s;
12:37:31.1 (1083486)|USER_INFO|[EXTERNAL]|0051r000007Pnq4|maxxpower992@resourceful-goat-209670.com|Ora standard dell’Europa centrale|GMT+02:00
12:37:31.1 (1107369)|EXECUTION_STARTED
12:37:31.1 (1113733)|CODE_UNIT_STARTED|[EXTERNAL]|execute_anonymous_apex
12:37:31.1 (1283756)|VARIABLE_SCOPE_BEGIN|[1]|s|Session__c|true|false
12:37:31.1 (1295491)|VARIABLE_SCOPE_BEGIN|[1]|s2|Session__c|true|false
12:37:31.1 (1316511)|VARIABLE_SCOPE_BEGIN|[1]|sp|Speaker__c|true|false
12:37:31.1 (1336135)|VARIABLE_SCOPE_BEGIN|[1]|ss|Session_Speaker__c|true|false
12:37:31.1 (1344670)|VARIABLE_SCOPE_BEGIN|[1]|ss2|Session_Speaker__c|true|false
12:37:31.1 (1464869)|HEAP_ALLOCATE|[72]|Bytes:3
12:37:31.1 (1506812)|HEAP_ALLOCATE|[77]|Bytes:152
12:37:31.1 (1523302)|HEAP_ALLOCATE|[342]|Bytes:408
12:37:31.1 (1535237)|HEAP_ALLOCATE|[355]|Bytes:408
12:37:31.1 (1545875)|HEAP_ALLOCATE|[467]|Bytes:48
12:37:31.1 (1573837)|HEAP_ALLOCATE|[139]|Bytes:6
12:37:31.1 (1590828)|HEAP_ALLOCATE|[EXTERNAL]|Bytes:1
12:37:31.1 (1752299)|STATEMENT_EXECUTE|[1]
12:37:31.1 (1755386)|STATEMENT_EXECUTE|[1]
12:37:31.1 (1789771)|HEAP_ALLOCATE|[1]|Bytes:4
12:37:31.1 (1884247)|HEAP_ALLOCATE|[1]|Bytes:4
12:37:31.1 (1933989)|VARIABLE_ASSIGNMENT|[1]|this.Name|"Test"|0x36625b6a
12:37:31.1 (1972259)|HEAP_ALLOCATE|[50]|Bytes:5
12:37:31.1 (1995786)|HEAP_ALLOCATE|[56]|Bytes:5
12:37:31.1 (2003267)|HEAP_ALLOCATE|[64]|Bytes:7
12:37:31.1 (2054606)|HEAP_ALLOCATE|[1]|Bytes:56
12:37:31.1 (2159611)|VARIABLE_ASSIGNMENT|[1]|this.Session_Date__c|"2018-05-12T10:37:31.607Z"|0x36625b6a
12:37:31.1 (2207931)|VARIABLE_ASSIGNMENT|[1]|s|{"Name":"Test","Session_Date__c":"2018-05-12T10:37:31.607Z"}|0x36625b6a
12:37:31.1 (2214759)|STATEMENT_EXECUTE|[1]
12:37:31.1 (2240291)|HEAP_ALLOCATE|[1]|Bytes:8
12:37:31.1 (2261582)|DML_BEGIN|[1]|Op:Insert|Type:Session__c|Rows:1
12:37:31.1 (2298841)|HEAP_ALLOCATE|[EXTERNAL]|Bytes:8
12:37:31.1 (23439550)|DML_END|[1]
12:37:31.1 (23470280)|STATEMENT_EXECUTE|[1]
12:37:31.1 (23509125)|HEAP_ALLOCATE|[1]|Bytes:4
12:37:31.1 (23619457)|HEAP_ALLOCATE|[1]|Bytes:2
12:37:31.1 (23730863)|VARIABLE_ASSIGNMENT|[1]|this.First_Name__c|"Go"|0x6d19dc9
12:37:31.1 (23753357)|VARIABLE_ASSIGNMENT|[1]|this.Last_Name__c|"Test"|0x6d19dc9
12:37:31.1 (23818581)|VARIABLE_ASSIGNMENT|[1]|sp|{"First_Name__c":"Go","Last_Name__c":"Test"}|0x6d19dc9
12:37:31.1 (23830017)|STATEMENT_EXECUTE|[1]
12:37:31.1 (23865726)|HEAP_ALLOCATE|[1]|Bytes:8
12:37:31.1 (23884836)|DML_BEGIN|[1]|Op:Insert|Type:Speaker__c|Rows:1
12:37:31.1 (23924449)|HEAP_ALLOCATE|[EXTERNAL]|Bytes:8
12:37:31.1 (36751590)|DML_END|[1]
12:37:31.1 (36772654)|STATEMENT_EXECUTE|[1]
12:37:31.1 (36806286)|HEAP_ALLOCATE|[1]|Bytes:4
12:37:31.1 (36985655)|VARIABLE_ASSIGNMENT|[1]|this.Session__c|"a031r00000TsmxzAAB"|0x6adb7935
12:37:31.1 (37021564)|VARIABLE_ASSIGNMENT|[1]|this.Speaker__c|"a041r00000ZF2xGAAT"|0x6adb7935
12:37:31.1 (37071958)|VARIABLE_ASSIGNMENT|[1]|ss|{"Session__c":"a031r00000TsmxzAAB","Speaker__c":"a041r00000ZF2xGAAT"}|0x6adb7935
12:37:31.1 (37078069)|STATEMENT_EXECUTE|[1]
12:37:31.1 (37100662)|HEAP_ALLOCATE|[1]|Bytes:8
12:37:31.1 (37118180)|DML_BEGIN|[1]|Op:Insert|Type:Session_Speaker__c|Rows:1
12:37:31.1 (37163265)|HEAP_ALLOCATE|[EXTERNAL]|Bytes:8
12:37:31.1 (57742704)|CODE_UNIT_STARTED|[EXTERNAL]|01q1r000000CEjx|RejectDoubleBooking on Session_Speaker trigger event BeforeInsert
12:37:31.1 (57789199)|HEAP_ALLOCATE|[EXTERNAL]|Bytes:8
12:37:31.1 (57954483)|HEAP_ALLOCATE|[EXTERNAL]|Bytes:20
12:37:31.1 (57968327)|VARIABLE_SCOPE_BEGIN|[1]|this|RejectDoubleBooking|true|false
12:37:31.1 (58039228)|VARIABLE_ASSIGNMENT|[1]|this|{}|0xdfce44a
12:37:31.1 (58097718)|HEAP_ALLOCATE|[EXTERNAL]|Bytes:20
12:37:31.1 (58238369)|VARIABLE_SCOPE_BEGIN|[1]|this|RejectDoubleBooking|true|false
12:37:31.1 (58260346)|VARIABLE_ASSIGNMENT|[1]|this|{}|0xdfce44a
12:37:31.1 (58268085)|STATEMENT_EXECUTE|[1]
12:37:31.1 (58270181)|STATEMENT_EXECUTE|[3]
12:37:31.1 (58281851)|HEAP_ALLOCATE|[3]|Bytes:4
12:37:31.1 (58415275)|HEAP_ALLOCATE|[EXTERNAL]|Bytes:4
12:37:31.1 (58430364)|VARIABLE_ASSIGNMENT|[3]|this.speakerIds|[]|0xdfce44a
12:37:31.1 (58436271)|STATEMENT_EXECUTE|[4]
12:37:31.1 (58456714)|HEAP_ALLOCATE|[4]|Bytes:4
12:37:31.1 (58478587)|VARIABLE_ASSIGNMENT|[4]|this.requested_bookings|{}|0xdfce44a
12:37:31.1 (58700595)|HEAP_ALLOCATE|[7]|Bytes:5
12:37:31.1 (58733416)|HEAP_ALLOCATE|[7]|Bytes:4
12:37:31.1 (58743427)|VARIABLE_SCOPE_BEGIN|[7]|newItem|Session_Speaker__c|true|false
12:37:31.1 (58929873)|VARIABLE_ASSIGNMENT|[7]|newItem|{"Session__c":"a031r00000TsmxzAAB","IsDeleted":false,"Speaker__c":"a041r00000ZF2xGAAT"}|0x322a0285
12:37:31.1 (58939227)|STATEMENT_EXECUTE|[7]
12:37:31.1 (58941225)|STATEMENT_EXECUTE|[8]
12:37:31.1 (59007924)|HEAP_ALLOCATE|[EXTERNAL]|Bytes:-4
12:37:31.1 (59018606)|STATEMENT_EXECUTE|[9]
12:37:31.1 (59056450)|HEAP_ALLOCATE|[EXTERNAL]|Bytes:4
12:37:31.1 (59075781)|HEAP_ALLOCATE|[7]|Bytes:5
12:37:31.1 (59088649)|VARIABLE_ASSIGNMENT|[7]|newItem|null|
12:37:31.1 (59093380)|STATEMENT_EXECUTE|[12]
12:37:31.1 (59097269)|HEAP_ALLOCATE|[12]|Bytes:62
12:37:31.1 (59110677)|HEAP_ALLOCATE|[12]|Bytes:4
12:37:31.1 (59121077)|HEAP_ALLOCATE|[12]|Bytes:7
12:37:31.1 (59161207)|HEAP_ALLOCATE|[12]|Bytes:26
12:37:31.1 (59196900)|HEAP_ALLOCATE|[12]|Bytes:8
12:37:31.1 (59205839)|HEAP_ALLOCATE|[12]|Bytes:8
12:37:31.1 (59352780)|SOQL_EXECUTE_BEGIN|[12]|Aggregations:0|SELECT ID, Session_Date__c FROM Session__c WHERE ID = :tmpVar1
12:37:31.1 (72504615)|SOQL_EXECUTE_END|[12]|Rows:1
12:37:31.1 (72532967)|HEAP_ALLOCATE|[12]|Bytes:8
12:37:31.1 (72554198)|HEAP_ALLOCATE|[12]|Bytes:52
12:37:31.1 (72598309)|HEAP_ALLOCATE|[12]|Bytes:8
12:37:31.1 (72667193)|VARIABLE_ASSIGNMENT|[12]|this.related_sessions|[{"Id":"a031r00000TsmxzAAB","Session_Date__c":"2018-05-12T10:37:31.000Z"}]|0xdfce44a
12:37:31.1 (72833181)|HEAP_ALLOCATE|[13]|Bytes:5
12:37:31.1 (72852196)|HEAP_ALLOCATE|[13]|Bytes:12
12:37:31.1 (72861844)|VARIABLE_SCOPE_BEGIN|[13]|related_session|Session__c|true|false
12:37:31.1 (72883577)|VARIABLE_ASSIGNMENT|[13]|related_session|{"Id":"a031r00000TsmxzAAB","Session_Date__c":"2018-05-12T10:37:31.000Z"}|0x69081d
12:37:31.1 (72891463)|STATEMENT_EXECUTE|[13]
12:37:31.1 (72893539)|STATEMENT_EXECUTE|[14]
12:37:31.1 (72995484)|HEAP_ALLOCATE|[13]|Bytes:5
12:37:31.1 (73009004)|VARIABLE_ASSIGNMENT|[13]|related_session|null|
12:37:31.1 (73015012)|STATEMENT_EXECUTE|[17]
12:37:31.1 (73019141)|HEAP_ALLOCATE|[17]|Bytes:114
12:37:31.1 (73033683)|HEAP_ALLOCATE|[17]|Bytes:4
12:37:31.1 (73368958)|SOQL_EXECUTE_BEGIN|[17]|Aggregations:0|SELECT ID, Speaker__c, Session__c, Session__r.Session_Date__c FROM Session_Speaker__c WHERE Speaker__c IN :tmpVar1
12:37:31.1 (84259520)|SOQL_EXECUTE_END|[17]|Rows:0
12:37:31.1 (84292246)|HEAP_ALLOCATE|[17]|Bytes:4
12:37:31.1 (84307767)|HEAP_ALLOCATE|[17]|Bytes:0
12:37:31.1 (84338760)|HEAP_ALLOCATE|[17]|Bytes:4
12:37:31.1 (84363474)|VARIABLE_ASSIGNMENT|[17]|this.related_speakers|[]|0xdfce44a
12:37:31.1 (84421511)|HEAP_ALLOCATE|[19]|Bytes:5
12:37:31.1 (84447709)|HEAP_ALLOCATE|[19]|Bytes:4
12:37:31.1 (84459743)|VARIABLE_SCOPE_BEGIN|[19]|requested_session_speaker|Session_Speaker__c|true|false
12:37:31.1 (84590612)|VARIABLE_ASSIGNMENT|[19]|requested_session_speaker|{"Session__c":"a031r00000TsmxzAAB","IsDeleted":false,"Speaker__c":"a041r00000ZF2xGAAT"}|0x322a0285
12:37:31.1 (84598669)|STATEMENT_EXECUTE|[19]
12:37:31.1 (84600647)|STATEMENT_EXECUTE|[20]
12:37:31.1 (84659401)|VARIABLE_SCOPE_BEGIN|[20]|booking_time|Datetime|false|false
12:37:31.1 (84681256)|VARIABLE_ASSIGNMENT|[20]|booking_time|"2018-05-12T10:37:31.000Z"
12:37:31.1 (84713759)|HEAP_ALLOCATE|[21]|Bytes:5
12:37:31.1 (84726278)|VARIABLE_ASSIGNMENT|[21]|related_speaker|null|
12:37:31.1 (84731586)|STATEMENT_EXECUTE|[21]
12:37:31.1 (84737975)|HEAP_ALLOCATE|[19]|Bytes:5
12:37:31.1 (84746010)|VARIABLE_ASSIGNMENT|[19]|requested_session_speaker|null|
12:37:31.84 (84761314)|CUMULATIVE_LIMIT_USAGE
12:37:31.84 (84761314)|LIMIT_USAGE_FOR_NS|(default)|
  Number of SOQL queries: 2 out of 100
  Number of query rows: 1 out of 50000
  Number of SOSL queries: 0 out of 20
  Number of DML statements: 3 out of 150
  Number of DML rows: 3 out of 10000
  Maximum CPU time: 0 out of 10000
  Maximum heap size: 0 out of 6000000
  Number of callouts: 0 out of 100
  Number of Email Invocations: 0 out of 10
  Number of future calls: 0 out of 50
  Number of queueable jobs added to the queue: 0 out of 50
  Number of Mobile Apex push calls: 0 out of 10

12:37:31.84 (84761314)|CUMULATIVE_LIMIT_USAGE_END

12:37:31.1 (85760136)|CODE_UNIT_FINISHED|RejectDoubleBooking on Session_Speaker trigger event BeforeInsert
12:37:31.1 (112407583)|CODE_UNIT_STARTED|[EXTERNAL]|01q1r000000CEjs|SendConfirmationEmail on Session_Speaker trigger event AfterInsert
12:37:31.1 (112455659)|HEAP_ALLOCATE|[EXTERNAL]|Bytes:8
12:37:31.1 (112577603)|HEAP_ALLOCATE|[EXTERNAL]|Bytes:12
12:37:31.1 (112592456)|VARIABLE_SCOPE_BEGIN|[1]|this|SendConfirmationEmail|true|false
12:37:31.1 (112661238)|VARIABLE_ASSIGNMENT|[1]|this|{}|0x751c0875
12:37:31.1 (112719714)|HEAP_ALLOCATE|[EXTERNAL]|Bytes:12
12:37:31.1 (112806652)|VARIABLE_SCOPE_BEGIN|[1]|this|SendConfirmationEmail|true|false
12:37:31.1 (112827372)|VARIABLE_ASSIGNMENT|[1]|this|{}|0x751c0875
12:37:31.1 (112835102)|STATEMENT_EXECUTE|[1]
12:37:31.1 (112837365)|STATEMENT_EXECUTE|[3]
12:37:31.1 (112855337)|HEAP_ALLOCATE|[3]|Bytes:4
12:37:31.1 (112927380)|HEAP_ALLOCATE|[EXTERNAL]|Bytes:4
12:37:31.1 (112939913)|VARIABLE_ASSIGNMENT|[3]|this.sessionSpeakerIds|[]|0x751c0875
12:37:31.1 (113017304)|HEAP_ALLOCATE|[4]|Bytes:5
12:37:31.1 (113044092)|VARIABLE_SCOPE_BEGIN|[4]|newItem|Session_Speaker__c|true|false
12:37:31.1 (113217860)|VARIABLE_ASSIGNMENT|[4]|newItem|{"LastModifiedDate":"2018-05-12T10:37:31.000Z","Session__c":"a031r00000TsmxzAAB","IsDeleted":false,"CreatedById":"0051r000007Pnq4AAC","CreatedDate":"2018-05-12T10:37:31.000Z","Speaker__c":"a041r00000ZF2xGAAT","Id":"a051r00000mxZnEAAU","LastModifiedById":"0051r000007Pnq4AAC","Name":"SESP-00004","SystemModstamp":"2018-05-12T10:37:31.000Z"}|0xa5f0a47
12:37:31.1 (113228915)|STATEMENT_EXECUTE|[4]
12:37:31.1 (113230907)|STATEMENT_EXECUTE|[5]
12:37:31.1 (113289336)|HEAP_ALLOCATE|[EXTERNAL]|Bytes:4
12:37:31.1 (113305805)|HEAP_ALLOCATE|[4]|Bytes:5
12:37:31.1 (113317878)|VARIABLE_ASSIGNMENT|[4]|newItem|null|
12:37:31.1 (113323262)|STATEMENT_EXECUTE|[8]
12:37:31.1 (113327880)|HEAP_ALLOCATE|[9]|Bytes:167
12:37:31.1 (113342640)|HEAP_ALLOCATE|[9]|Bytes:4
12:37:31.1 (113724416)|SOQL_EXECUTE_BEGIN|[9]|Aggregations:0|SELECT Session__r.Name, Session__r.Session_Date__c, Speaker__r.First_Name__c, Speaker__r.Last_Name__c, Speaker__r.Email__c FROM Session_Speaker__c WHERE Id IN :tmpVar1
12:37:31.1 (137651853)|SOQL_EXECUTE_END|[9]|Rows:1
12:37:31.1 (137684614)|HEAP_ALLOCATE|[9]|Bytes:8
12:37:31.1 (137709511)|HEAP_ALLOCATE|[9]|Bytes:251
12:37:31.1 (137755476)|HEAP_ALLOCATE|[9]|Bytes:8
12:37:31.1 (137835002)|VARIABLE_ASSIGNMENT|[8]|this.sessionSpeakers|[{"Session__c":"a031r00000TsmxzAAB","Speaker__c":"a041r00000ZF2xGAAT","Id":"a051r00000mxZnEAAU","Session__r":{"Id":"a031r00000TsmxzAAB","Name":"Test","Session_Date__c":"2018-05-12T10:37:31.000Z"},"Speaker__r":{"Id":"a041r00000ZF2xGAAT","First_Name__c":"Go","Last_Name__c":"Test"}}]|0x751c0875
12:37:31.1 (137890125)|STATEMENT_EXECUTE|[15]
12:37:31.1 (137892872)|STATEMENT_EXECUTE|[17]
12:37:31.1 (137908862)|HEAP_ALLOCATE|[17]|Bytes:24
12:37:31.1 (137919189)|VARIABLE_SCOPE_BEGIN|[17]|sessionSpeaker|Session_Speaker__c|true|false
12:37:31.1 (137945243)|VARIABLE_ASSIGNMENT|[17]|sessionSpeaker|{"Session__c":"a031r00000TsmxzAAB","Speaker__c":"a041r00000ZF2xGAAT","Id":"a051r00000mxZnEAAU","Session__r":{"Id":"a031r00000TsmxzAAB","Name":"Test","Session_Date__c":"2018-05-12T10:37:31.000Z"},"Speaker__r":{"Id":"a041r00000ZF2xGAAT","First_Name__c":"Go","Last_Name__c":"Test"}}|0x7d1fcd38
12:37:31.1 (138006492)|STATEMENT_EXECUTE|[18]
12:37:31.138 (138019771)|CUMULATIVE_LIMIT_USAGE
12:37:31.138 (138019771)|LIMIT_USAGE_FOR_NS|(default)|
  Number of SOQL queries: 3 out of 100
  Number of query rows: 2 out of 50000
  Number of SOSL queries: 0 out of 20
  Number of DML statements: 3 out of 150
  Number of DML rows: 3 out of 10000
  Maximum CPU time: 0 out of 10000
  Maximum heap size: 0 out of 6000000
  Number of callouts: 0 out of 100
  Number of Email Invocations: 0 out of 10
  Number of future calls: 0 out of 50
  Number of queueable jobs added to the queue: 0 out of 50
  Number of Mobile Apex push calls: 0 out of 10

12:37:31.138 (138019771)|CUMULATIVE_LIMIT_USAGE_END

12:37:31.1 (139018882)|CODE_UNIT_FINISHED|SendConfirmationEmail on Session_Speaker trigger event AfterInsert
12:37:31.1 (140216189)|DML_END|[1]
12:37:31.1 (140237064)|STATEMENT_EXECUTE|[1]
12:37:31.1 (140350300)|HEAP_ALLOCATE|[1]|Bytes:135
12:37:31.1 (140357533)|HEAP_ALLOCATE|[1]|Bytes:12
12:37:31.1 (140404836)|VARIABLE_ASSIGNMENT|[1]|s2|{"Name":"Test","Session_Date__c":"2018-05-12T10:37:31.607Z"}|0x661ae02c
12:37:31.1 (140412133)|STATEMENT_EXECUTE|[1]
12:37:31.1 (140434389)|HEAP_ALLOCATE|[1]|Bytes:8
12:37:31.1 (140454518)|DML_BEGIN|[1]|Op:Insert|Type:Session__c|Rows:1
12:37:31.1 (140481238)|HEAP_ALLOCATE|[EXTERNAL]|Bytes:8
12:37:31.1 (148715299)|DML_END|[1]
12:37:31.1 (148728080)|STATEMENT_EXECUTE|[1]
12:37:31.1 (148750825)|HEAP_ALLOCATE|[1]|Bytes:4
12:37:31.1 (148811560)|VARIABLE_ASSIGNMENT|[1]|this.Session__c|"a031r00000Tsmy0AAB"|0x25219a73
12:37:31.1 (148838756)|VARIABLE_ASSIGNMENT|[1]|this.Speaker__c|"a041r00000ZF2xGAAT"|0x25219a73
12:37:31.1 (148883299)|VARIABLE_ASSIGNMENT|[1]|ss2|{"Session__c":"a031r00000Tsmy0AAB","Speaker__c":"a041r00000ZF2xGAAT"}|0x25219a73
12:37:31.1 (148889403)|STATEMENT_EXECUTE|[1]
12:37:31.1 (148903854)|HEAP_ALLOCATE|[1]|Bytes:8
12:37:31.1 (148914567)|DML_BEGIN|[1]|Op:Insert|Type:Session_Speaker__c|Rows:1
12:37:31.1 (148939796)|HEAP_ALLOCATE|[EXTERNAL]|Bytes:8
12:37:31.1 (150781264)|CODE_UNIT_STARTED|[EXTERNAL]|01q1r000000CEjx|RejectDoubleBooking on Session_Speaker trigger event BeforeInsert
12:37:31.1 (150817931)|HEAP_ALLOCATE|[EXTERNAL]|Bytes:8
12:37:31.1 (150864367)|HEAP_ALLOCATE|[EXTERNAL]|Bytes:20
12:37:31.1 (150873367)|VARIABLE_SCOPE_BEGIN|[1]|this|RejectDoubleBooking|true|false
12:37:31.1 (150911350)|VARIABLE_ASSIGNMENT|[1]|this|{}|0x3fc1900a
12:37:31.1 (150946928)|HEAP_ALLOCATE|[EXTERNAL]|Bytes:20
12:37:31.1 (150953761)|VARIABLE_SCOPE_BEGIN|[1]|this|RejectDoubleBooking|true|false
12:37:31.1 (150968932)|VARIABLE_ASSIGNMENT|[1]|this|{}|0x3fc1900a
12:37:31.1 (150975755)|STATEMENT_EXECUTE|[1]
12:37:31.1 (150977931)|STATEMENT_EXECUTE|[3]
12:37:31.1 (150988635)|HEAP_ALLOCATE|[3]|Bytes:4
12:37:31.1 (151030544)|HEAP_ALLOCATE|[EXTERNAL]|Bytes:4
12:37:31.1 (151042244)|VARIABLE_ASSIGNMENT|[3]|this.speakerIds|[]|0x3fc1900a
12:37:31.1 (151047633)|STATEMENT_EXECUTE|[4]
12:37:31.1 (151058754)|HEAP_ALLOCATE|[4]|Bytes:4
12:37:31.1 (151075557)|VARIABLE_ASSIGNMENT|[4]|this.requested_bookings|{}|0x3fc1900a
12:37:31.1 (151129637)|HEAP_ALLOCATE|[7]|Bytes:5
12:37:31.1 (151151994)|HEAP_ALLOCATE|[7]|Bytes:4
12:37:31.1 (151161125)|VARIABLE_SCOPE_BEGIN|[7]|newItem|Session_Speaker__c|true|false
12:37:31.1 (151286153)|VARIABLE_ASSIGNMENT|[7]|newItem|{"Session__c":"a031r00000Tsmy0AAB","IsDeleted":false,"Speaker__c":"a041r00000ZF2xGAAT"}|0x7249917e
12:37:31.1 (151296837)|STATEMENT_EXECUTE|[7]
12:37:31.1 (151298697)|STATEMENT_EXECUTE|[8]
12:37:31.1 (151323511)|HEAP_ALLOCATE|[EXTERNAL]|Bytes:-4
12:37:31.1 (151330839)|STATEMENT_EXECUTE|[9]
12:37:31.1 (151343436)|HEAP_ALLOCATE|[EXTERNAL]|Bytes:4
12:37:31.1 (151355144)|HEAP_ALLOCATE|[7]|Bytes:5
12:37:31.1 (151365944)|VARIABLE_ASSIGNMENT|[7]|newItem|null|
12:37:31.1 (151371470)|STATEMENT_EXECUTE|[12]
12:37:31.1 (151381822)|HEAP_ALLOCATE|[12]|Bytes:4
12:37:31.1 (151413254)|HEAP_ALLOCATE|[12]|Bytes:26
12:37:31.1 (151443119)|HEAP_ALLOCATE|[12]|Bytes:8
12:37:31.1 (151450777)|HEAP_ALLOCATE|[12]|Bytes:8
12:37:31.1 (151649870)|SOQL_EXECUTE_BEGIN|[12]|Aggregations:0|SELECT ID, Session_Date__c FROM Session__c WHERE ID = :tmpVar1
12:37:31.1 (153605428)|SOQL_EXECUTE_END|[12]|Rows:1
12:37:31.1 (153624431)|HEAP_ALLOCATE|[12]|Bytes:8
12:37:31.1 (153639200)|HEAP_ALLOCATE|[12]|Bytes:52
12:37:31.1 (153665564)|HEAP_ALLOCATE|[12]|Bytes:8
12:37:31.1 (153697599)|VARIABLE_ASSIGNMENT|[12]|this.related_sessions|[{"Id":"a031r00000Tsmy0AAB","Session_Date__c":"2018-05-12T10:37:31.000Z"}]|0x3fc1900a
12:37:31.1 (153725652)|HEAP_ALLOCATE|[13]|Bytes:5
12:37:31.1 (153737944)|HEAP_ALLOCATE|[13]|Bytes:12
12:37:31.1 (153745583)|VARIABLE_SCOPE_BEGIN|[13]|related_session|Session__c|true|false
12:37:31.1 (153762577)|VARIABLE_ASSIGNMENT|[13]|related_session|{"Id":"a031r00000Tsmy0AAB","Session_Date__c":"2018-05-12T10:37:31.000Z"}|0x59e3ad99
12:37:31.1 (153768819)|STATEMENT_EXECUTE|[13]
12:37:31.1 (153770841)|STATEMENT_EXECUTE|[14]
12:37:31.1 (153803567)|HEAP_ALLOCATE|[13]|Bytes:5
12:37:31.1 (153815413)|VARIABLE_ASSIGNMENT|[13]|related_session|null|
12:37:31.1 (153820378)|STATEMENT_EXECUTE|[17]
12:37:31.1 (153830222)|HEAP_ALLOCATE|[17]|Bytes:4
12:37:31.1 (154102062)|SOQL_EXECUTE_BEGIN|[17]|Aggregations:0|SELECT ID, Speaker__c, Session__c, Session__r.Session_Date__c FROM Session_Speaker__c WHERE Speaker__c IN :tmpVar1
12:37:31.1 (164619632)|SOQL_EXECUTE_END|[17]|Rows:1
12:37:31.1 (164639948)|HEAP_ALLOCATE|[17]|Bytes:8
12:37:31.1 (164660892)|HEAP_ALLOCATE|[17]|Bytes:158
12:37:31.1 (164691287)|HEAP_ALLOCATE|[17]|Bytes:8
12:37:31.1 (164728693)|VARIABLE_ASSIGNMENT|[17]|this.related_speakers|[{"Id":"a051r00000mxZnEAAU","Speaker__c":"a041r00000ZF2xGAAT","Session__c":"a031r00000TsmxzAAB","Session__r":{"Id":"a031r00000TsmxzAAB","Session_Date__c":"2018-05-12T10:37:31.000Z"}}]|0x3fc1900a
12:37:31.1 (164776276)|HEAP_ALLOCATE|[19]|Bytes:5
12:37:31.1 (164791949)|HEAP_ALLOCATE|[19]|Bytes:4
12:37:31.1 (164800515)|VARIABLE_SCOPE_BEGIN|[19]|requested_session_speaker|Session_Speaker__c|true|false
12:37:31.1 (164926268)|VARIABLE_ASSIGNMENT|[19]|requested_session_speaker|{"Session__c":"a031r00000Tsmy0AAB","IsDeleted":false,"Speaker__c":"a041r00000ZF2xGAAT"}|0x7249917e
12:37:31.1 (164935885)|STATEMENT_EXECUTE|[19]
12:37:31.1 (164937951)|STATEMENT_EXECUTE|[20]
12:37:31.1 (164981342)|VARIABLE_SCOPE_BEGIN|[20]|booking_time|Datetime|false|false
12:37:31.1 (165001216)|VARIABLE_ASSIGNMENT|[20]|booking_time|"2018-05-12T10:37:31.000Z"
12:37:31.1 (165025265)|HEAP_ALLOCATE|[21]|Bytes:5
12:37:31.1 (165040672)|HEAP_ALLOCATE|[21]|Bytes:20
12:37:31.1 (165047621)|VARIABLE_SCOPE_BEGIN|[21]|related_speaker|Session_Speaker__c|true|false
12:37:31.1 (165067349)|VARIABLE_ASSIGNMENT|[21]|related_speaker|{"Id":"a051r00000mxZnEAAU","Speaker__c":"a041r00000ZF2xGAAT","Session__c":"a031r00000TsmxzAAB","Session__r":{"Id":"a031r00000TsmxzAAB","Session_Date__c":"2018-05-12T10:37:31.000Z"}}|0x2659f791
12:37:31.1 (165074940)|STATEMENT_EXECUTE|[21]
12:37:31.1 (165232994)|STATEMENT_EXECUTE|[23]
12:37:31.1 (165235469)|STATEMENT_EXECUTE|[24]
12:37:31.1 (165239614)|HEAP_ALLOCATE|[24]|Bytes:42
12:37:31.1 (165328156)|VF_PAGE_MESSAGE|The speaker is already booked at that time
12:37:31.1 (165349518)|HEAP_ALLOCATE|[21]|Bytes:5
12:37:31.1 (165362729)|VARIABLE_ASSIGNMENT|[21]|related_speaker|null|
12:37:31.1 (165372320)|HEAP_ALLOCATE|[19]|Bytes:5
12:37:31.1 (165380362)|VARIABLE_ASSIGNMENT|[19]|requested_session_speaker|null|
12:37:31.165 (165391520)|CUMULATIVE_LIMIT_USAGE
12:37:31.165 (165391520)|LIMIT_USAGE_FOR_NS|(default)|
  Number of SOQL queries: 5 out of 100
  Number of query rows: 4 out of 50000
  Number of SOSL queries: 0 out of 20
  Number of DML statements: 5 out of 150
  Number of DML rows: 5 out of 10000
  Maximum CPU time: 0 out of 10000
  Maximum heap size: 0 out of 6000000
  Number of callouts: 0 out of 100
  Number of Email Invocations: 0 out of 10
  Number of future calls: 0 out of 50
  Number of queueable jobs added to the queue: 0 out of 50
  Number of Mobile Apex push calls: 0 out of 10

12:37:31.165 (165391520)|CUMULATIVE_LIMIT_USAGE_END

12:37:31.1 (166338275)|CODE_UNIT_FINISHED|RejectDoubleBooking on Session_Speaker trigger event BeforeInsert
12:37:31.1 (167367594)|DML_END|[1]
12:37:31.1 (167477480)|EXCEPTION_THROWN|[1]|System.DmlException: Insert failed. First exception on row 0; first error: FIELD_CUSTOM_VALIDATION_EXCEPTION, The speaker is already booked at that time: []
12:37:31.1 (167743965)|HEAP_ALLOCATE|[1]|Bytes:139
12:37:31.1 (167912050)|FATAL_ERROR|System.DmlException: Insert failed. First exception on row 0; first error: FIELD_CUSTOM_VALIDATION_EXCEPTION, The speaker is already booked at that time: []

AnonymousBlock: line 1, column 1
12:37:31.167 (167960435)|CUMULATIVE_LIMIT_USAGE
12:37:31.167 (167960435)|LIMIT_USAGE_FOR_NS|(default)|
  Number of SOQL queries: 3 out of 100
  Number of query rows: 2 out of 50000
  Number of SOSL queries: 0 out of 20
  Number of DML statements: 5 out of 150
  Number of DML rows: 5 out of 10000
  Maximum CPU time: 0 out of 10000
  Maximum heap size: 0 out of 6000000
  Number of callouts: 0 out of 100
  Number of Email Invocations: 0 out of 10
  Number of future calls: 0 out of 50
  Number of queueable jobs added to the queue: 0 out of 50
  Number of Mobile Apex push calls: 0 out of 10

12:37:31.167 (167960435)|CUMULATIVE_LIMIT_USAGE_END

12:37:31.1 (167995330)|CODE_UNIT_FINISHED|execute_anonymous_apex
12:37:31.1 (168734035)|EXECUTION_FINISHED
