36.0 APEX_CODE,FINEST;APEX_PROFILING,INFO;CALLOUT,INFO;DB,INFO;SYSTEM,DEBUG;VALIDATION,INFO;VISUALFORCE,INFO;WAVE,INFO;WORKFLOW,INFO
12:39:58.0 (331405)|USER_INFO|[EXTERNAL]|0051r000007Pnq4|maxxpower992@resourceful-goat-209670.com|Ora standard dell’Europa centrale|GMT+02:00
12:39:58.0 (373023)|EXECUTION_STARTED
12:39:58.0 (378319)|CODE_UNIT_STARTED|[EXTERNAL]|0661r000002jwVr|VF: /apex/SpeakerForm
12:39:58.0 (845154)|VF_DESERIALIZE_VIEWSTATE_BEGIN|0661r000002jwVr
12:39:58.0 (24148874)|VF_DESERIALIZE_VIEWSTATE_END
12:39:58.0 (27795746)|CODE_UNIT_STARTED|[EXTERNAL]|VF Controller Save
12:39:58.0 (27829238)|SYSTEM_MODE_ENTER|false
12:39:58.0 (47110328)|CODE_UNIT_FINISHED|VF Controller Save
12:39:58.48 (48894422)|CUMULATIVE_LIMIT_USAGE
12:39:58.48 (48894422)|LIMIT_USAGE_FOR_NS|(default)|
  Number of SOQL queries: 0 out of 100
  Number of query rows: 0 out of 50000
  Number of SOSL queries: 0 out of 20
  Number of DML statements: 0 out of 150
  Number of DML rows: 0 out of 10000
  Maximum CPU time: 0 out of 10000
  Maximum heap size: 0 out of 6000000
  Number of callouts: 0 out of 100
  Number of Email Invocations: 0 out of 10
  Number of future calls: 0 out of 50
  Number of queueable jobs added to the queue: 0 out of 50
  Number of Mobile Apex push calls: 0 out of 10

12:39:58.48 (48894422)|CUMULATIVE_LIMIT_USAGE_END

12:39:58.0 (48932696)|CODE_UNIT_FINISHED|VF: /apex/SpeakerForm
12:39:58.0 (49658822)|EXECUTION_FINISHED
